Log file open, 08/09/23 11:30:58
LogWindows: Failed to load 'aqProf.dll' (GetLastError=126)
LogWindows: File 'aqProf.dll' does not exist
LogWindows: Failed to load 'VtuneApi.dll' (GetLastError=126)
LogWindows: File 'VtuneApi.dll' does not exist
LogWindows: Failed to load 'VtuneApi32e.dll' (GetLastError=126)
LogWindows: File 'VtuneApi32e.dll' does not exist
LogConsoleResponse: Display: Failed to find resolution value strings in scalability ini. Falling back to default.
LogConsoleResponse: Display: Failed to find resolution value strings in scalability ini. Falling back to default.
LogInit: Display: Running engine for game: PT_2DPlatformer_L
LogPlatformFile: Not using cached read wrapper
LogTaskGraph: Started task graph with 5 named threads and 47 total threads with 3 sets of task threads.
LogStats: Stats thread started at 0.221582
LogICUInternationalization: ICU TimeZone Detection - Raw Offset: +0:00, Platform Override: ''
LogInit: Display: Loading text-based GConfig....
LogPluginManager: Mounting plugin MeshPainting
LogPluginManager: Mounting plugin XGEController
LogPluginManager: Mounting plugin Paper2D
LogPluginManager: Mounting plugin EnvironmentQueryEditor
LogPluginManager: Mounting plugin AISupport
LogPluginManager: Mounting plugin OodleData
LogPluginManager: Mounting plugin AnimationSharing
LogPluginManager: Mounting plugin CLionSourceCodeAccess
LogPluginManager: Mounting plugin LightPropagationVolume
LogPluginManager: Mounting plugin OodleNetwork
LogPluginManager: Mounting plugin CodeLiteSourceCodeAccess
LogPluginManager: Mounting plugin KDevelopSourceCodeAccess
LogPluginManager: Mounting plugin GitSourceControl
LogPluginManager: Mounting plugin NullSourceCodeAccess
LogPluginManager: Mounting plugin PerforceSourceControl
LogPluginManager: Mounting plugin PixWinPlugin
LogPluginManager: Mounting plugin PlasticSourceControl
LogPluginManager: Mounting plugin PluginUtils
LogPluginManager: Mounting plugin PropertyAccessNode
LogPluginManager: Mounting plugin AssetManagerEditor
LogPluginManager: Mounting plugin RiderSourceCodeAccess
LogPluginManager: Mounting plugin SubversionSourceControl
LogPluginManager: Mounting plugin TextureFormatOodle
LogPluginManager: Mounting plugin CryptoKeys
LogPluginManager: Mounting plugin UObjectPlugin
LogPluginManager: Mounting plugin VisualStudioCodeSourceCodeAccess
LogPluginManager: Mounting plugin XCodeSourceCodeAccess
LogPluginManager: Mounting plugin DataValidation
LogPluginManager: Mounting plugin CurveEditorTools
LogPluginManager: Mounting plugin VisualStudioSourceCodeAccess
LogPluginManager: Mounting plugin FacialAnimation
LogPluginManager: Mounting plugin AlembicImporter
LogPluginManager: Mounting plugin GameplayTagsEditor
LogPluginManager: Mounting plugin AutomationUtils
LogPluginManager: Mounting plugin GeometryMode
LogPluginManager: Mounting plugin BackChannel
LogPluginManager: Mounting plugin MacGraphicsSwitching
LogPluginManager: Mounting plugin MaterialAnalyzer
LogPluginManager: Mounting plugin MobileLauncherProfileWizard
LogPluginManager: Mounting plugin PluginBrowser
LogPluginManager: Mounting plugin SpeedTreeImporter
LogPluginManager: Mounting plugin ChaosCloth
LogPluginManager: Mounting plugin ChaosClothEditor
LogPluginManager: Mounting plugin ChaosEditor
LogPluginManager: Mounting plugin ChaosNiagara
LogPluginManager: Mounting plugin ChaosSolverPlugin
LogPluginManager: Mounting plugin CharacterAI
LogPluginManager: Mounting plugin GameplayCameras
LogPluginManager: Mounting plugin CameraShakePreviewer
LogPluginManager: Mounting plugin GeometryCache
LogPluginManager: Mounting plugin GeometryCollectionPlugin
LogPluginManager: Mounting plugin GeometryProcessing
LogPluginManager: Mounting plugin DatasmithContent
LogPluginManager: Mounting plugin VariantManagerContent
LogPluginManager: Mounting plugin MotoSynth
LogPluginManager: Mounting plugin OpenImageDenoise
LogPluginManager: Mounting plugin PlanarCut
LogPluginManager: Mounting plugin PlatformCrypto
LogPluginManager: Mounting plugin ProxyLODPlugin
LogPluginManager: Mounting plugin PythonScriptPlugin
LogPluginManager: Mounting plugin SkeletalReduction
LogPluginManager: Mounting plugin LuminPlatformFeatures
LogPluginManager: Mounting plugin Niagara
LogPluginManager: Mounting plugin MagicLeap
LogPluginManager: Mounting plugin MagicLeapLightEstimation
LogPluginManager: Mounting plugin MagicLeapMedia
LogPluginManager: Mounting plugin MagicLeapPassableWorld
LogPluginManager: Mounting plugin MLSDK
LogPluginManager: Mounting plugin AndroidMedia
LogPluginManager: Mounting plugin AvfMedia
LogPluginManager: Mounting plugin ImgMedia
LogPluginManager: Mounting plugin MediaCompositing
LogPluginManager: Mounting plugin ActorSequence
LogPluginManager: Mounting plugin MediaPlayerEditor
LogPluginManager: Mounting plugin LevelSequenceEditor
LogPluginManager: Mounting plugin WebMMedia
LogPluginManager: Mounting plugin WmfMedia
LogPluginManager: Mounting plugin MatineeToLevelSequence
LogPluginManager: Mounting plugin UdpMessaging
LogPluginManager: Mounting plugin TcpMessaging
LogPluginManager: Mounting plugin TemplateSequence
LogPluginManager: Mounting plugin OnlineSubsystem
LogPluginManager: Mounting plugin LauncherChunkInstaller
LogPluginManager: Mounting plugin OnlineSubsystemNull
LogPluginManager: Mounting plugin ActorLayerUtilities
LogPluginManager: Mounting plugin OnlineSubsystemUtils
LogPluginManager: Mounting plugin AndroidDeviceProfileSelector
LogPluginManager: Mounting plugin AndroidMoviePlayer
LogPluginManager: Mounting plugin AndroidPermission
LogPluginManager: Mounting plugin AppleMoviePlayer
LogPluginManager: Mounting plugin AppleImageUtils
LogPluginManager: Mounting plugin AssetTags
LogPluginManager: Mounting plugin ArchVisCharacter
LogPluginManager: Mounting plugin AudioCapture
LogPluginManager: Mounting plugin AudioSynesthesia
LogPluginManager: Mounting plugin CableComponent
LogPluginManager: Mounting plugin ChunkDownloader
LogPluginManager: Mounting plugin CustomMeshComponent
LogPluginManager: Mounting plugin EditableMesh
LogPluginManager: Mounting plugin ExampleDeviceProfileSelector
LogPluginManager: Mounting plugin GooglePAD
LogPluginManager: Mounting plugin GoogleCloudMessaging
LogPluginManager: Mounting plugin IOSDeviceProfileSelector
LogPluginManager: Mounting plugin LinuxDeviceProfileSelector
LogPluginManager: Mounting plugin LocationServicesBPLibrary
LogPluginManager: Mounting plugin MobilePatchingUtils
LogPluginManager: Mounting plugin PostSplashScreen
LogPluginManager: Mounting plugin PhysXVehicles
LogPluginManager: Mounting plugin ProceduralMeshComponent
LogPluginManager: Mounting plugin PropertyAccessEditor
LogPluginManager: Mounting plugin RuntimePhysXCooking
LogPluginManager: Mounting plugin SignificanceManager
LogPluginManager: Mounting plugin SoundFields
LogPluginManager: Mounting plugin Synthesis
LogPluginManager: Mounting plugin WebMMoviePlayer
LogPluginManager: Mounting plugin WindowsMoviePlayer
LogPluginManager: Mounting plugin ScreenshotTools
LogPluginManager: Mounting plugin ContentBrowserAssetDataSource
LogPluginManager: Mounting plugin ContentBrowserClassDataSource
LogPluginManager: Mounting plugin ContentBrowserFileDataSource
LogPluginManager: Mounting plugin OnlineSubsystemGooglePlay
LogPluginManager: Mounting plugin OnlineSubsystemIOS
PixWinPlugin: PIX capture plugin failed to initialize! Check that the process is launched from PIX.
LogInit: Using libcurl 7.55.1-DEV
LogInit:  - built for x86_64-pc-win32
LogInit:  - supports SSL with OpenSSL/1.1.1
LogInit:  - supports HTTP deflate (compression) using libz 1.2.8
LogInit:  - other features:
LogInit:      CURL_VERSION_SSL
LogInit:      CURL_VERSION_LIBZ
LogInit:      CURL_VERSION_IPV6
LogInit:      CURL_VERSION_ASYNCHDNS
LogInit:      CURL_VERSION_LARGEFILE
LogInit:      CURL_VERSION_IDN
LogInit:  CurlRequestOptions (configurable via config and command line):
LogInit:  - bVerifyPeer = true  - Libcurl will verify peer certificate
LogInit:  - bUseHttpProxy = false  - Libcurl will NOT use HTTP proxy
LogInit:  - bDontReuseConnections = false  - Libcurl will reuse connections
LogInit:  - MaxHostConnections = 16  - Libcurl will limit the number of connections to a host
LogInit:  - LocalHostAddr = Default
LogInit:  - BufferSize = 65536
LogOnline: OSS: Creating online subsystem instance for: NULL
LogInit: WinSock: version 1.1 (2.2), MaxSocks=32767, MaxUdp=65467
LogOnline: OSS: TryLoadSubsystemAndSetDefault: Loaded subsystem for module [NULL]
LogInit: Build: ++UE4+Release-4.27-CL-18319896
LogInit: Engine Version: 4.27.2-18319896+++UE4+Release-4.27
LogInit: Compatible Engine Version: 4.27.0-17155196+++UE4+Release-4.27
LogInit: Net CL: 17155196
LogInit: OS: Windows 10 (Release 2009) (), CPU: AMD Ryzen 7 4800H with Radeon Graphics         , GPU: NVIDIA GeForce RTX 2060
LogInit: Compiled (64-bit): Nov 30 2021 07:12:08
LogInit: Compiled with Visual C++: 19.24.28315.00
LogInit: Build Configuration: Development
LogInit: Branch Name: ++UE4+Release-4.27
LogInit: Command Line: 
LogInit: Base Directory: D:/Unreal Engine/UE_4.27/Engine/Binaries/Win64/
LogInit: Allocator: TBB
LogInit: Installed Engine Build: 1
LogDevObjectVersion: Number of dev versions registered: 29
LogDevObjectVersion:   Dev-Blueprints (B0D832E4-1F89-4F0D-ACCF-7EB736FD4AA2): 10
LogDevObjectVersion:   Dev-Build (E1C64328-A22C-4D53-A36C-8E866417BD8C): 0
LogDevObjectVersion:   Dev-Core (375EC13C-06E4-48FB-B500-84F0262A717E): 4
LogDevObjectVersion:   Dev-Editor (E4B068ED-F494-42E9-A231-DA0B2E46BB41): 40
LogDevObjectVersion:   Dev-Framework (CFFC743F-43B0-4480-9391-14DF171D2073): 37
LogDevObjectVersion:   Dev-Mobile (B02B49B5-BB20-44E9-A304-32B752E40360): 3
LogDevObjectVersion:   Dev-Networking (A4E4105C-59A1-49B5-A7C5-40C4547EDFEE): 0
LogDevObjectVersion:   Dev-Online (39C831C9-5AE6-47DC-9A44-9C173E1C8E7C): 0
LogDevObjectVersion:   Dev-Physics (78F01B33-EBEA-4F98-B9B4-84EACCB95AA2): 14
LogDevObjectVersion:   Dev-Platform (6631380F-2D4D-43E0-8009-CF276956A95A): 0
LogDevObjectVersion:   Dev-Rendering (12F88B9F-8875-4AFC-A67C-D90C383ABD29): 45
LogDevObjectVersion:   Dev-Sequencer (7B5AE74C-D270-4C10-A958-57980B212A5A): 13
LogDevObjectVersion:   Dev-VR (D7296918-1DD6-4BDD-9DE2-64A83CC13884): 3
LogDevObjectVersion:   Dev-LoadTimes (C2A15278-BFE7-4AFE-6C17-90FF531DF755): 1
LogDevObjectVersion:   Private-Geometry (6EACA3D4-40EC-4CC1-B786-8BED09428FC5): 3
LogDevObjectVersion:   Dev-AnimPhys (29E575DD-E0A3-4627-9D10-D276232CDCEA): 17
LogDevObjectVersion:   Dev-Anim (AF43A65D-7FD3-4947-9873-3E8ED9C1BB05): 15
LogDevObjectVersion:   Dev-ReflectionCapture (6B266CEC-1EC7-4B8F-A30B-E4D90942FC07): 1
LogDevObjectVersion:   Dev-Automation (0DF73D61-A23F-47EA-B727-89E90C41499A): 1
LogDevObjectVersion:   FortniteMain (601D1886-AC64-4F84-AA16-D3DE0DEAC7D6): 47
LogDevObjectVersion:   FortniteRelease (E7086368-6B23-4C58-8439-1B7016265E91): 1
LogDevObjectVersion:   Dev-Enterprise (9DFFBCD6-494F-0158-E221-12823C92A888): 10
LogDevObjectVersion:   Dev-Niagara (F2AED0AC-9AFE-416F-8664-AA7FFA26D6FC): 1
LogDevObjectVersion:   Dev-Destruction (174F1F0B-B4C6-45A5-B13F-2EE8D0FB917D): 10
LogDevObjectVersion:   Dev-Physics-Ext (35F94A83-E258-406C-A318-09F59610247C): 41
LogDevObjectVersion:   Dev-PhysicsMaterial-Chaos (B68FC16E-8B1B-42E2-B453-215C058844FE): 1
LogDevObjectVersion:   Dev-CineCamera (B2E18506-4273-CFC2-A54E-F4BB758BBA07): 1
LogDevObjectVersion:   Dev-VirtualProduction (64F58936-FD1B-42BA-BA96-7289D5D0FA4E): 1
LogDevObjectVersion:   Dev-MediaFramework (6F0ED827-A609-4895-9C91-998D90180EA4): 2
LogInit: Presizing for max 25165824 objects, including 0 objects not considered by GC, pre-allocating 0 bytes for permanent pool.
LogConfig: Applying CVar settings from Section [/Script/Engine.StreamingSettings] File [C:/Users/agapi/Desktop/PT_2DPlatformer_L/Saved/Config/Windows/Engine.ini]
LogConfig: Setting CVar [[s.MinBulkDataSizeForAsyncLoading:131072]]
LogConfig: Setting CVar [[s.AsyncLoadingThreadEnabled:0]]
LogConfig: Setting CVar [[s.EventDrivenLoaderEnabled:1]]
LogConfig: Setting CVar [[s.WarnIfTimeLimitExceeded:0]]
LogConfig: Setting CVar [[s.TimeLimitExceededMultiplier:1.5]]
LogConfig: Setting CVar [[s.TimeLimitExceededMinTime:0.005]]
LogConfig: Setting CVar [[s.UseBackgroundLevelStreaming:1]]
LogConfig: Setting CVar [[s.PriorityAsyncLoadingExtraTime:15.0]]
LogConfig: Setting CVar [[s.LevelStreamingActorsUpdateTimeLimit:5.0]]
LogConfig: Setting CVar [[s.PriorityLevelStreamingActorsUpdateExtraTime:5.0]]
LogConfig: Setting CVar [[s.LevelStreamingComponentsRegistrationGranularity:10]]
LogConfig: Setting CVar [[s.UnregisterComponentsTimeLimit:1.0]]
LogConfig: Setting CVar [[s.LevelStreamingComponentsUnregistrationGranularity:5]]
LogConfig: Setting CVar [[s.FlushStreamingOnExit:1]]
LogInit: Object subsystem initialized
LogConfig: Setting CVar [[con.DebugEarlyDefault:1]]
LogConfig: Setting CVar [[r.setres:1280x720]]
[2023.08.09-10.30.58:449][  0]LogConfig: Setting CVar [[r.VSync:0]]
[2023.08.09-10.30.58:449][  0]LogConfig: Setting CVar [[r.RHICmdBypass:0]]
[2023.08.09-10.30.58:449][  0]LogConfig: Applying CVar settings from Section [/Script/Engine.RendererSettings] File [C:/Users/agapi/Desktop/PT_2DPlatformer_L/Saved/Config/Windows/Engine.ini]
[2023.08.09-10.30.58:449][  0]LogConfig: Setting CVar [[r.GPUCrashDebugging:0]]
[2023.08.09-10.30.58:449][  0]LogConfig: Setting CVar [[r.DefaultFeature.AutoExposure:0]]
[2023.08.09-10.30.58:449][  0]LogConfig: Setting CVar [[r.DefaultFeature.AutoExposure.Method:2]]
[2023.08.09-10.30.58:449][  0]LogConfig: Setting CVar [[r.DefaultFeature.AutoExposure.Bias:0.700000]]
[2023.08.09-10.30.58:449][  0]LogConfig: Setting CVar [[r.UsePreExposure:1]]
[2023.08.09-10.30.58:449][  0]LogConfig: Applying CVar settings from Section [/Script/Engine.RendererOverrideSettings] File [C:/Users/agapi/Desktop/PT_2DPlatformer_L/Saved/Config/Windows/Engine.ini]
[2023.08.09-10.30.58:449][  0]LogConfig: Applying CVar settings from Section [/Script/Engine.StreamingSettings] File [C:/Users/agapi/Desktop/PT_2DPlatformer_L/Saved/Config/Windows/Engine.ini]
[2023.08.09-10.30.58:449][  0]LogConfig: Setting CVar [[s.MinBulkDataSizeForAsyncLoading:131072]]
[2023.08.09-10.30.58:449][  0]LogConfig: Setting CVar [[s.AsyncLoadingThreadEnabled:0]]
[2023.08.09-10.30.58:449][  0]LogConfig: Setting CVar [[s.EventDrivenLoaderEnabled:1]]
[2023.08.09-10.30.58:449][  0]LogConfig: Setting CVar [[s.WarnIfTimeLimitExceeded:0]]
[2023.08.09-10.30.58:449][  0]LogConfig: Setting CVar [[s.TimeLimitExceededMultiplier:1.5]]
[2023.08.09-10.30.58:449][  0]LogConfig: Setting CVar [[s.TimeLimitExceededMinTime:0.005]]
[2023.08.09-10.30.58:449][  0]LogConfig: Setting CVar [[s.UseBackgroundLevelStreaming:1]]
[2023.08.09-10.30.58:449][  0]LogConfig: Setting CVar [[s.PriorityAsyncLoadingExtraTime:15.0]]
[2023.08.09-10.30.58:449][  0]LogConfig: Setting CVar [[s.LevelStreamingActorsUpdateTimeLimit:5.0]]
[2023.08.09-10.30.58:449][  0]LogConfig: Setting CVar [[s.PriorityLevelStreamingActorsUpdateExtraTime:5.0]]
[2023.08.09-10.30.58:449][  0]LogConfig: Setting CVar [[s.LevelStreamingComponentsRegistrationGranularity:10]]
[2023.08.09-10.30.58:449][  0]LogConfig: Setting CVar [[s.UnregisterComponentsTimeLimit:1.0]]
[2023.08.09-10.30.58:449][  0]LogConfig: Setting CVar [[s.LevelStreamingComponentsUnregistrationGranularity:5]]
[2023.08.09-10.30.58:449][  0]LogConfig: Setting CVar [[s.FlushStreamingOnExit:1]]
[2023.08.09-10.30.58:449][  0]LogConfig: Applying CVar settings from Section [/Script/Engine.GarbageCollectionSettings] File [C:/Users/agapi/Desktop/PT_2DPlatformer_L/Saved/Config/Windows/Engine.ini]
[2023.08.09-10.30.58:449][  0]LogConfig: Setting CVar [[gc.MaxObjectsNotConsideredByGC:1]]
[2023.08.09-10.30.58:449][  0]LogConfig: Setting CVar [[gc.SizeOfPermanentObjectPool:0]]
[2023.08.09-10.30.58:449][  0]LogConfig: Setting CVar [[gc.FlushStreamingOnGC:0]]
[2023.08.09-10.30.58:449][  0]LogConfig: Setting CVar [[gc.NumRetriesBeforeForcingGC:10]]
[2023.08.09-10.30.58:449][  0]LogConfig: Setting CVar [[gc.AllowParallelGC:1]]
[2023.08.09-10.30.58:449][  0]LogConfig: Setting CVar [[gc.TimeBetweenPurgingPendingKillObjects:61.1]]
[2023.08.09-10.30.58:449][  0]LogConfig: Setting CVar [[gc.MaxObjectsInEditor:25165824]]
[2023.08.09-10.30.58:449][  0]LogConfig: Setting CVar [[gc.IncrementalBeginDestroyEnabled:1]]
[2023.08.09-10.30.58:449][  0]LogConfig: Setting CVar [[gc.CreateGCClusters:1]]
[2023.08.09-10.30.58:449][  0]LogConfig: Setting CVar [[gc.MinGCClusterSize:5]]
[2023.08.09-10.30.58:449][  0]LogConfig: Setting CVar [[gc.ActorClusteringEnabled:0]]
[2023.08.09-10.30.58:449][  0]LogConfig: Setting CVar [[gc.BlueprintClusteringEnabled:0]]
[2023.08.09-10.30.58:449][  0]LogConfig: Setting CVar [[gc.UseDisregardForGCOnDedicatedServers:0]]
[2023.08.09-10.30.58:449][  0]LogConfig: Setting CVar [[gc.MultithreadedDestructionEnabled:1]]
[2023.08.09-10.30.58:449][  0]LogConfig: Applying CVar settings from Section [/Script/Engine.NetworkSettings] File [C:/Users/agapi/Desktop/PT_2DPlatformer_L/Saved/Config/Windows/Engine.ini]
[2023.08.09-10.30.58:449][  0]LogConfig: Applying CVar settings from Section [/Script/UnrealEd.CookerSettings] File [C:/Users/agapi/Desktop/PT_2DPlatformer_L/Saved/Config/Windows/Engine.ini]
[2023.08.09-10.30.58:455][  0]LogConfig: Applying CVar settings from Section [ViewDistanceQuality@3] File [C:/Users/agapi/Desktop/PT_2DPlatformer_L/Saved/Config/Windows/Scalability.ini]
[2023.08.09-10.30.58:455][  0]LogConfig: Setting CVar [[r.SkeletalMeshLODBias:0]]
[2023.08.09-10.30.58:455][  0]LogConfig: Setting CVar [[r.ViewDistanceScale:1.0]]
[2023.08.09-10.30.58:455][  0]LogConfig: Applying CVar settings from Section [AntiAliasingQuality@3] File [C:/Users/agapi/Desktop/PT_2DPlatformer_L/Saved/Config/Windows/Scalability.ini]
[2023.08.09-10.30.58:455][  0]LogConfig: Setting CVar [[r.PostProcessAAQuality:4]]
[2023.08.09-10.30.58:455][  0]LogConfig: Applying CVar settings from Section [ShadowQuality@3] File [C:/Users/agapi/Desktop/PT_2DPlatformer_L/Saved/Config/Windows/Scalability.ini]
[2023.08.09-10.30.58:455][  0]LogConfig: Setting CVar [[r.LightFunctionQuality:1]]
[2023.08.09-10.30.58:455][  0]LogConfig: Setting CVar [[r.ShadowQuality:5]]
[2023.08.09-10.30.58:455][  0]LogConfig: Setting CVar [[r.Shadow.CSM.MaxCascades:10]]
[2023.08.09-10.30.58:455][  0]LogConfig: Setting CVar [[r.Shadow.MaxResolution:2048]]
[2023.08.09-10.30.58:455][  0]LogConfig: Setting CVar [[r.Shadow.MaxCSMResolution:2048]]
[2023.08.09-10.30.58:455][  0]LogConfig: Setting CVar [[r.Shadow.RadiusThreshold:0.01]]
[2023.08.09-10.30.58:455][  0]LogConfig: Setting CVar [[r.Shadow.DistanceScale:1.0]]
[2023.08.09-10.30.58:455][  0]LogConfig: Setting CVar [[r.Shadow.CSM.TransitionScale:1.0]]
[2023.08.09-10.30.58:455][  0]LogConfig: Setting CVar [[r.Shadow.PreShadowResolutionFactor:1.0]]
[2023.08.09-10.30.58:455][  0]LogConfig: Setting CVar [[r.DistanceFieldShadowing:1]]
[2023.08.09-10.30.58:455][  0]LogConfig: Setting CVar [[r.DistanceFieldAO:1]]
[2023.08.09-10.30.58:455][  0]LogConfig: Setting CVar [[r.AOQuality:2]]
[2023.08.09-10.30.58:455][  0]LogConfig: Setting CVar [[r.VolumetricFog:1]]
[2023.08.09-10.30.58:455][  0]LogConfig: Setting CVar [[r.VolumetricFog.GridPixelSize:8]]
[2023.08.09-10.30.58:455][  0]LogConfig: Setting CVar [[r.VolumetricFog.GridSizeZ:128]]
[2023.08.09-10.30.58:455][  0]LogConfig: Setting CVar [[r.VolumetricFog.HistoryMissSupersampleCount:4]]
[2023.08.09-10.30.58:455][  0]LogConfig: Setting CVar [[r.LightMaxDrawDistanceScale:1]]
[2023.08.09-10.30.58:455][  0]LogConfig: Setting CVar [[r.CapsuleShadows:1]]
[2023.08.09-10.30.58:455][  0]LogConfig: Applying CVar settings from Section [PostProcessQuality@3] File [C:/Users/agapi/Desktop/PT_2DPlatformer_L/Saved/Config/Windows/Scalability.ini]
[2023.08.09-10.30.58:455][  0]LogConfig: Setting CVar [[r.MotionBlurQuality:4]]
[2023.08.09-10.30.58:455][  0]LogConfig: Setting CVar [[r.AmbientOcclusionMipLevelFactor:0.4]]
[2023.08.09-10.30.58:455][  0]LogConfig: Setting CVar [[r.AmbientOcclusionMaxQuality:100]]
[2023.08.09-10.30.58:455][  0]LogConfig: Setting CVar [[r.AmbientOcclusionLevels:-1]]
[2023.08.09-10.30.58:455][  0]LogConfig: Setting CVar [[r.AmbientOcclusionRadiusScale:1.0]]
[2023.08.09-10.30.58:455][  0]LogConfig: Setting CVar [[r.DepthOfFieldQuality:2]]
[2023.08.09-10.30.58:455][  0]LogConfig: Setting CVar [[r.RenderTargetPoolMin:400]]
[2023.08.09-10.30.58:455][  0]LogConfig: Setting CVar [[r.LensFlareQuality:2]]
[2023.08.09-10.30.58:455][  0]LogConfig: Setting CVar [[r.SceneColorFringeQuality:1]]
[2023.08.09-10.30.58:455][  0]LogConfig: Setting CVar [[r.EyeAdaptationQuality:2]]
[2023.08.09-10.30.58:455][  0]LogConfig: Setting CVar [[r.BloomQuality:5]]
[2023.08.09-10.30.58:455][  0]LogConfig: Setting CVar [[r.FastBlurThreshold:100]]
[2023.08.09-10.30.58:455][  0]LogConfig: Setting CVar [[r.Upscale.Quality:3]]
[2023.08.09-10.30.58:455][  0]LogConfig: Setting CVar [[r.Tonemapper.GrainQuantization:1]]
[2023.08.09-10.30.58:455][  0]LogConfig: Setting CVar [[r.LightShaftQuality:1]]
[2023.08.09-10.30.58:455][  0]LogConfig: Setting CVar [[r.Filter.SizeScale:1]]
[2023.08.09-10.30.58:455][  0]LogConfig: Setting CVar [[r.Tonemapper.Quality:5]]
[2023.08.09-10.30.58:455][  0]LogConfig: Setting CVar [[r.DOF.Gather.AccumulatorQuality:1        ; higher gathering accumulator quality]]
[2023.08.09-10.30.58:455][  0]LogConfig: Setting CVar [[r.DOF.Gather.PostfilterMethod:1          ; Median3x3 postfilering method]]
[2023.08.09-10.30.58:455][  0]LogConfig: Setting CVar [[r.DOF.Gather.EnableBokehSettings:0       ; no bokeh simulation when gathering]]
[2023.08.09-10.30.58:455][  0]LogConfig: Setting CVar [[r.DOF.Gather.RingCount:4                 ; medium number of samples when gathering]]
[2023.08.09-10.30.58:455][  0]LogConfig: Setting CVar [[r.DOF.Scatter.ForegroundCompositing:1    ; additive foreground scattering]]
[2023.08.09-10.30.58:455][  0]LogConfig: Setting CVar [[r.DOF.Scatter.BackgroundCompositing:2    ; additive background scattering]]
[2023.08.09-10.30.58:455][  0]LogConfig: Setting CVar [[r.DOF.Scatter.EnableBokehSettings:1      ; bokeh simulation when scattering]]
[2023.08.09-10.30.58:455][  0]LogConfig: Setting CVar [[r.DOF.Scatter.MaxSpriteRatio:0.1         ; only a maximum of 10% of scattered bokeh]]
[2023.08.09-10.30.58:455][  0]LogConfig: Setting CVar [[r.DOF.Recombine.Quality:1                ; cheap slight out of focus]]
[2023.08.09-10.30.58:455][  0]LogConfig: Setting CVar [[r.DOF.Recombine.EnableBokehSettings:0    ; no bokeh simulation on slight out of focus]]
[2023.08.09-10.30.58:455][  0]LogConfig: Setting CVar [[r.DOF.TemporalAAQuality:1                ; more stable temporal accumulation]]
[2023.08.09-10.30.58:455][  0]LogConfig: Setting CVar [[r.DOF.Kernel.MaxForegroundRadius:0.025]]
[2023.08.09-10.30.58:455][  0]LogConfig: Setting CVar [[r.DOF.Kernel.MaxBackgroundRadius:0.025]]
[2023.08.09-10.30.58:455][  0]LogConfig: Applying CVar settings from Section [TextureQuality@3] File [C:/Users/agapi/Desktop/PT_2DPlatformer_L/Saved/Config/Windows/Scalability.ini]
[2023.08.09-10.30.58:455][  0]LogConfig: Setting CVar [[r.Streaming.MipBias:0]]
[2023.08.09-10.30.58:455][  0]LogConfig: Setting CVar [[r.Streaming.AmortizeCPUToGPUCopy:0]]
[2023.08.09-10.30.58:455][  0]LogConfig: Setting CVar [[r.Streaming.MaxNumTexturesToStreamPerFrame:0]]
[2023.08.09-10.30.58:455][  0]LogConfig: Setting CVar [[r.Streaming.Boost:1]]
[2023.08.09-10.30.58:455][  0]LogConfig: Setting CVar [[r.MaxAnisotropy:8]]
[2023.08.09-10.30.58:455][  0]LogConfig: Setting CVar [[r.VT.MaxAnisotropy:8]]
[2023.08.09-10.30.58:456][  0]LogConfig: Setting CVar [[r.Streaming.LimitPoolSizeToVRAM:0]]
[2023.08.09-10.30.58:456][  0]LogConfig: Setting CVar [[r.Streaming.PoolSize:1000]]
[2023.08.09-10.30.58:456][  0]LogConfig: Setting CVar [[r.Streaming.MaxEffectiveScreenSize:0]]
[2023.08.09-10.30.58:456][  0]LogConfig: Applying CVar settings from Section [EffectsQuality@3] File [C:/Users/agapi/Desktop/PT_2DPlatformer_L/Saved/Config/Windows/Scalability.ini]
[2023.08.09-10.30.58:456][  0]LogConfig: Setting CVar [[r.TranslucencyLightingVolumeDim:64]]
[2023.08.09-10.30.58:456][  0]LogConfig: Setting CVar [[r.RefractionQuality:2]]
[2023.08.09-10.30.58:456][  0]LogConfig: Setting CVar [[r.SSR.Quality:3]]
[2023.08.09-10.30.58:456][  0]LogConfig: Setting CVar [[r.SSR.HalfResSceneColor:0]]
[2023.08.09-10.30.58:456][  0]LogConfig: Setting CVar [[r.SceneColorFormat:4]]
[2023.08.09-10.30.58:456][  0]LogConfig: Setting CVar [[r.DetailMode:2]]
[2023.08.09-10.30.58:456][  0]LogConfig: Setting CVar [[r.TranslucencyVolumeBlur:1]]
[2023.08.09-10.30.58:456][  0]LogConfig: Setting CVar [[r.MaterialQualityLevel:1 ; High quality]]
[2023.08.09-10.30.58:456][  0]LogConfig: Setting CVar [[r.AnisotropicMaterials:1]]
[2023.08.09-10.30.58:456][  0]LogConfig: Setting CVar [[r.SSS.Scale:1]]
[2023.08.09-10.30.58:456][  0]LogConfig: Setting CVar [[r.SSS.SampleSet:2]]
[2023.08.09-10.30.58:456][  0]LogConfig: Setting CVar [[r.SSS.Quality:1]]
[2023.08.09-10.30.58:456][  0]LogConfig: Setting CVar [[r.SSS.HalfRes:0]]
[2023.08.09-10.30.58:456][  0]LogConfig: Setting CVar [[r.SSGI.Quality:3]]
[2023.08.09-10.30.58:456][  0]LogConfig: Setting CVar [[r.EmitterSpawnRateScale:1.0]]
[2023.08.09-10.30.58:456][  0]LogConfig: Setting CVar [[r.ParticleLightQuality:2]]
[2023.08.09-10.30.58:456][  0]LogConfig: Setting CVar [[r.SkyAtmosphere.AerialPerspectiveLUT.FastApplyOnOpaque:1 ; Always have FastSkyLUT 1 in this case to avoid wrong sky]]
[2023.08.09-10.30.58:456][  0]LogConfig: Setting CVar [[r.SkyAtmosphere.AerialPerspectiveLUT.SampleCountMaxPerSlice:4]]
[2023.08.09-10.30.58:456][  0]LogConfig: Setting CVar [[r.SkyAtmosphere.AerialPerspectiveLUT.DepthResolution:16.0]]
[2023.08.09-10.30.58:456][  0]LogConfig: Setting CVar [[r.SkyAtmosphere.FastSkyLUT:1]]
[2023.08.09-10.30.58:456][  0]LogConfig: Setting CVar [[r.SkyAtmosphere.FastSkyLUT.SampleCountMin:4.0]]
[2023.08.09-10.30.58:456][  0]LogConfig: Setting CVar [[r.SkyAtmosphere.FastSkyLUT.SampleCountMax:128.0]]
[2023.08.09-10.30.58:456][  0]LogConfig: Setting CVar [[r.SkyAtmosphere.SampleCountMin:4.0]]
[2023.08.09-10.30.58:456][  0]LogConfig: Setting CVar [[r.SkyAtmosphere.SampleCountMax:128.0]]
[2023.08.09-10.30.58:456][  0]LogConfig: Setting CVar [[r.SkyAtmosphere.TransmittanceLUT.UseSmallFormat:0]]
[2023.08.09-10.30.58:456][  0]LogConfig: Setting CVar [[r.SkyAtmosphere.TransmittanceLUT.SampleCount:10.0]]
[2023.08.09-10.30.58:456][  0]LogConfig: Setting CVar [[r.SkyAtmosphere.MultiScatteringLUT.SampleCount:15.0]]
[2023.08.09-10.30.58:456][  0]LogConfig: Setting CVar [[r.SkyLight.RealTimeReflectionCapture:1]]
[2023.08.09-10.30.58:456][  0]LogConfig: Applying CVar settings from Section [FoliageQuality@3] File [C:/Users/agapi/Desktop/PT_2DPlatformer_L/Saved/Config/Windows/Scalability.ini]
[2023.08.09-10.30.58:456][  0]LogConfig: Setting CVar [[foliage.DensityScale:1.0]]
[2023.08.09-10.30.58:456][  0]LogConfig: Setting CVar [[grass.DensityScale:1.0]]
[2023.08.09-10.30.58:456][  0]LogConfig: Applying CVar settings from Section [ShadingQuality@3] File [C:/Users/agapi/Desktop/PT_2DPlatformer_L/Saved/Config/Windows/Scalability.ini]
[2023.08.09-10.30.58:456][  0]LogConfig: Setting CVar [[r.HairStrands.SkyLighting.IntegrationType:2]]
[2023.08.09-10.30.58:456][  0]LogConfig: Setting CVar [[r.HairStrands.SkyAO.SampleCount:4]]
[2023.08.09-10.30.58:456][  0]LogConfig: Setting CVar [[r.HairStrands.Visibility.MSAA.SamplePerPixel:4]]
[2023.08.09-10.30.58:456][  0]LogInit: Selected Device Profile: [Windows]
[2023.08.09-10.30.58:456][  0]LogInit: Applying CVar settings loaded from the selected device profile: [Windows]
[2023.08.09-10.30.58:456][  0]LogHAL: Display: Platform has ~ 16 GB [17042837504 / 17179869184 / 16], which maps to Larger [LargestMinGB=32, LargerMinGB=12, DefaultMinGB=8, SmallerMinGB=6, SmallestMinGB=0)
[2023.08.09-10.30.58:456][  0]LogInit: Going up to parent DeviceProfile []
[2023.08.09-10.30.58:456][  0]LogConfig: Applying CVar settings from Section [ViewDistanceQuality@3] File [C:/Users/agapi/Desktop/PT_2DPlatformer_L/Saved/Config/Windows/Scalability.ini]
[2023.08.09-10.30.58:456][  0]LogConfig: Setting CVar [[r.SkeletalMeshLODBias:0]]
[2023.08.09-10.30.58:456][  0]LogConfig: Setting CVar [[r.ViewDistanceScale:1.0]]
[2023.08.09-10.30.58:456][  0]LogConfig: Applying CVar settings from Section [AntiAliasingQuality@3] File [C:/Users/agapi/Desktop/PT_2DPlatformer_L/Saved/Config/Windows/Scalability.ini]
[2023.08.09-10.30.58:456][  0]LogConfig: Setting CVar [[r.PostProcessAAQuality:4]]
[2023.08.09-10.30.58:456][  0]LogConfig: Applying CVar settings from Section [ShadowQuality@3] File [C:/Users/agapi/Desktop/PT_2DPlatformer_L/Saved/Config/Windows/Scalability.ini]
[2023.08.09-10.30.58:456][  0]LogConfig: Setting CVar [[r.LightFunctionQuality:1]]
[2023.08.09-10.30.58:456][  0]LogConfig: Setting CVar [[r.ShadowQuality:5]]
[2023.08.09-10.30.58:456][  0]LogConfig: Setting CVar [[r.Shadow.CSM.MaxCascades:10]]
[2023.08.09-10.30.58:456][  0]LogConfig: Setting CVar [[r.Shadow.MaxResolution:2048]]
[2023.08.09-10.30.58:456][  0]LogConfig: Setting CVar [[r.Shadow.MaxCSMResolution:2048]]
[2023.08.09-10.30.58:456][  0]LogConfig: Setting CVar [[r.Shadow.RadiusThreshold:0.01]]
[2023.08.09-10.30.58:456][  0]LogConfig: Setting CVar [[r.Shadow.DistanceScale:1.0]]
[2023.08.09-10.30.58:456][  0]LogConfig: Setting CVar [[r.Shadow.CSM.TransitionScale:1.0]]
[2023.08.09-10.30.58:456][  0]LogConfig: Setting CVar [[r.Shadow.PreShadowResolutionFactor:1.0]]
[2023.08.09-10.30.58:456][  0]LogConfig: Setting CVar [[r.DistanceFieldShadowing:1]]
[2023.08.09-10.30.58:456][  0]LogConfig: Setting CVar [[r.DistanceFieldAO:1]]
[2023.08.09-10.30.58:456][  0]LogConfig: Setting CVar [[r.AOQuality:2]]
[2023.08.09-10.30.58:456][  0]LogConfig: Setting CVar [[r.VolumetricFog:1]]
[2023.08.09-10.30.58:456][  0]LogConfig: Setting CVar [[r.VolumetricFog.GridPixelSize:8]]
[2023.08.09-10.30.58:456][  0]LogConfig: Setting CVar [[r.VolumetricFog.GridSizeZ:128]]
[2023.08.09-10.30.58:456][  0]LogConfig: Setting CVar [[r.VolumetricFog.HistoryMissSupersampleCount:4]]
[2023.08.09-10.30.58:456][  0]LogConfig: Setting CVar [[r.LightMaxDrawDistanceScale:1]]
[2023.08.09-10.30.58:456][  0]LogConfig: Setting CVar [[r.CapsuleShadows:1]]
[2023.08.09-10.30.58:456][  0]LogConfig: Applying CVar settings from Section [PostProcessQuality@3] File [C:/Users/agapi/Desktop/PT_2DPlatformer_L/Saved/Config/Windows/Scalability.ini]
[2023.08.09-10.30.58:456][  0]LogConfig: Setting CVar [[r.MotionBlurQuality:4]]
[2023.08.09-10.30.58:456][  0]LogConfig: Setting CVar [[r.AmbientOcclusionMipLevelFactor:0.4]]
[2023.08.09-10.30.58:456][  0]LogConfig: Setting CVar [[r.AmbientOcclusionMaxQuality:100]]
[2023.08.09-10.30.58:456][  0]LogConfig: Setting CVar [[r.AmbientOcclusionLevels:-1]]
[2023.08.09-10.30.58:456][  0]LogConfig: Setting CVar [[r.AmbientOcclusionRadiusScale:1.0]]
[2023.08.09-10.30.58:456][  0]LogConfig: Setting CVar [[r.DepthOfFieldQuality:2]]
[2023.08.09-10.30.58:456][  0]LogConfig: Setting CVar [[r.RenderTargetPoolMin:400]]
[2023.08.09-10.30.58:456][  0]LogConfig: Setting CVar [[r.LensFlareQuality:2]]
[2023.08.09-10.30.58:456][  0]LogConfig: Setting CVar [[r.SceneColorFringeQuality:1]]
[2023.08.09-10.30.58:456][  0]LogConfig: Setting CVar [[r.EyeAdaptationQuality:2]]
[2023.08.09-10.30.58:456][  0]LogConfig: Setting CVar [[r.BloomQuality:5]]
[2023.08.09-10.30.58:456][  0]LogConfig: Setting CVar [[r.FastBlurThreshold:100]]
[2023.08.09-10.30.58:456][  0]LogConfig: Setting CVar [[r.Upscale.Quality:3]]
[2023.08.09-10.30.58:456][  0]LogConfig: Setting CVar [[r.Tonemapper.GrainQuantization:1]]
[2023.08.09-10.30.58:456][  0]LogConfig: Setting CVar [[r.LightShaftQuality:1]]
[2023.08.09-10.30.58:456][  0]LogConfig: Setting CVar [[r.Filter.SizeScale:1]]
[2023.08.09-10.30.58:456][  0]LogConfig: Setting CVar [[r.Tonemapper.Quality:5]]
[2023.08.09-10.30.58:456][  0]LogConfig: Setting CVar [[r.DOF.Gather.AccumulatorQuality:1        ; higher gathering accumulator quality]]
[2023.08.09-10.30.58:456][  0]LogConfig: Setting CVar [[r.DOF.Gather.PostfilterMethod:1          ; Median3x3 postfilering method]]
[2023.08.09-10.30.58:456][  0]LogConfig: Setting CVar [[r.DOF.Gather.EnableBokehSettings:0       ; no bokeh simulation when gathering]]
[2023.08.09-10.30.58:456][  0]LogConfig: Setting CVar [[r.DOF.Gather.RingCount:4                 ; medium number of samples when gathering]]
[2023.08.09-10.30.58:456][  0]LogConfig: Setting CVar [[r.DOF.Scatter.ForegroundCompositing:1    ; additive foreground scattering]]
[2023.08.09-10.30.58:456][  0]LogConfig: Setting CVar [[r.DOF.Scatter.BackgroundCompositing:2    ; additive background scattering]]
[2023.08.09-10.30.58:456][  0]LogConfig: Setting CVar [[r.DOF.Scatter.EnableBokehSettings:1      ; bokeh simulation when scattering]]
[2023.08.09-10.30.58:456][  0]LogConfig: Setting CVar [[r.DOF.Scatter.MaxSpriteRatio:0.1         ; only a maximum of 10% of scattered bokeh]]
[2023.08.09-10.30.58:456][  0]LogConfig: Setting CVar [[r.DOF.Recombine.Quality:1                ; cheap slight out of focus]]
[2023.08.09-10.30.58:456][  0]LogConfig: Setting CVar [[r.DOF.Recombine.EnableBokehSettings:0    ; no bokeh simulation on slight out of focus]]
[2023.08.09-10.30.58:457][  0]LogConfig: Setting CVar [[r.DOF.TemporalAAQuality:1                ; more stable temporal accumulation]]
[2023.08.09-10.30.58:457][  0]LogConfig: Setting CVar [[r.DOF.Kernel.MaxForegroundRadius:0.025]]
[2023.08.09-10.30.58:457][  0]LogConfig: Setting CVar [[r.DOF.Kernel.MaxBackgroundRadius:0.025]]
[2023.08.09-10.30.58:457][  0]LogConfig: Applying CVar settings from Section [TextureQuality@3] File [C:/Users/agapi/Desktop/PT_2DPlatformer_L/Saved/Config/Windows/Scalability.ini]
[2023.08.09-10.30.58:457][  0]LogConfig: Setting CVar [[r.Streaming.MipBias:0]]
[2023.08.09-10.30.58:457][  0]LogConfig: Setting CVar [[r.Streaming.AmortizeCPUToGPUCopy:0]]
[2023.08.09-10.30.58:457][  0]LogConfig: Setting CVar [[r.Streaming.MaxNumTexturesToStreamPerFrame:0]]
[2023.08.09-10.30.58:457][  0]LogConfig: Setting CVar [[r.Streaming.Boost:1]]
[2023.08.09-10.30.58:457][  0]LogConfig: Setting CVar [[r.MaxAnisotropy:8]]
[2023.08.09-10.30.58:457][  0]LogConfig: Setting CVar [[r.VT.MaxAnisotropy:8]]
[2023.08.09-10.30.58:457][  0]LogConfig: Setting CVar [[r.Streaming.LimitPoolSizeToVRAM:0]]
[2023.08.09-10.30.58:457][  0]LogConfig: Setting CVar [[r.Streaming.PoolSize:1000]]
[2023.08.09-10.30.58:457][  0]LogConfig: Setting CVar [[r.Streaming.MaxEffectiveScreenSize:0]]
[2023.08.09-10.30.58:457][  0]LogConfig: Applying CVar settings from Section [EffectsQuality@3] File [C:/Users/agapi/Desktop/PT_2DPlatformer_L/Saved/Config/Windows/Scalability.ini]
[2023.08.09-10.30.58:457][  0]LogConfig: Setting CVar [[r.TranslucencyLightingVolumeDim:64]]
[2023.08.09-10.30.58:457][  0]LogConfig: Setting CVar [[r.RefractionQuality:2]]
[2023.08.09-10.30.58:457][  0]LogConfig: Setting CVar [[r.SSR.Quality:3]]
[2023.08.09-10.30.58:457][  0]LogConfig: Setting CVar [[r.SSR.HalfResSceneColor:0]]
[2023.08.09-10.30.58:457][  0]LogConfig: Setting CVar [[r.SceneColorFormat:4]]
[2023.08.09-10.30.58:457][  0]LogConfig: Setting CVar [[r.DetailMode:2]]
[2023.08.09-10.30.58:457][  0]LogConfig: Setting CVar [[r.TranslucencyVolumeBlur:1]]
[2023.08.09-10.30.58:457][  0]LogConfig: Setting CVar [[r.MaterialQualityLevel:1 ; High quality]]
[2023.08.09-10.30.58:457][  0]LogConfig: Setting CVar [[r.AnisotropicMaterials:1]]
[2023.08.09-10.30.58:457][  0]LogConfig: Setting CVar [[r.SSS.Scale:1]]
[2023.08.09-10.30.58:457][  0]LogConfig: Setting CVar [[r.SSS.SampleSet:2]]
[2023.08.09-10.30.58:457][  0]LogConfig: Setting CVar [[r.SSS.Quality:1]]
[2023.08.09-10.30.58:457][  0]LogConfig: Setting CVar [[r.SSS.HalfRes:0]]
[2023.08.09-10.30.58:457][  0]LogConfig: Setting CVar [[r.SSGI.Quality:3]]
[2023.08.09-10.30.58:457][  0]LogConfig: Setting CVar [[r.EmitterSpawnRateScale:1.0]]
[2023.08.09-10.30.58:457][  0]LogConfig: Setting CVar [[r.ParticleLightQuality:2]]
[2023.08.09-10.30.58:457][  0]LogConfig: Setting CVar [[r.SkyAtmosphere.AerialPerspectiveLUT.FastApplyOnOpaque:1 ; Always have FastSkyLUT 1 in this case to avoid wrong sky]]
[2023.08.09-10.30.58:457][  0]LogConfig: Setting CVar [[r.SkyAtmosphere.AerialPerspectiveLUT.SampleCountMaxPerSlice:4]]
[2023.08.09-10.30.58:457][  0]LogConfig: Setting CVar [[r.SkyAtmosphere.AerialPerspectiveLUT.DepthResolution:16.0]]
[2023.08.09-10.30.58:457][  0]LogConfig: Setting CVar [[r.SkyAtmosphere.FastSkyLUT:1]]
[2023.08.09-10.30.58:457][  0]LogConfig: Setting CVar [[r.SkyAtmosphere.FastSkyLUT.SampleCountMin:4.0]]
[2023.08.09-10.30.58:457][  0]LogConfig: Setting CVar [[r.SkyAtmosphere.FastSkyLUT.SampleCountMax:128.0]]
[2023.08.09-10.30.58:457][  0]LogConfig: Setting CVar [[r.SkyAtmosphere.SampleCountMin:4.0]]
[2023.08.09-10.30.58:457][  0]LogConfig: Setting CVar [[r.SkyAtmosphere.SampleCountMax:128.0]]
[2023.08.09-10.30.58:457][  0]LogConfig: Setting CVar [[r.SkyAtmosphere.TransmittanceLUT.UseSmallFormat:0]]
[2023.08.09-10.30.58:457][  0]LogConfig: Setting CVar [[r.SkyAtmosphere.TransmittanceLUT.SampleCount:10.0]]
[2023.08.09-10.30.58:457][  0]LogConfig: Setting CVar [[r.SkyAtmosphere.MultiScatteringLUT.SampleCount:15.0]]
[2023.08.09-10.30.58:457][  0]LogConfig: Setting CVar [[r.SkyLight.RealTimeReflectionCapture:1]]
[2023.08.09-10.30.58:457][  0]LogConfig: Applying CVar settings from Section [FoliageQuality@3] File [C:/Users/agapi/Desktop/PT_2DPlatformer_L/Saved/Config/Windows/Scalability.ini]
[2023.08.09-10.30.58:457][  0]LogConfig: Setting CVar [[foliage.DensityScale:1.0]]
[2023.08.09-10.30.58:457][  0]LogConfig: Setting CVar [[grass.DensityScale:1.0]]
[2023.08.09-10.30.58:457][  0]LogConfig: Applying CVar settings from Section [ShadingQuality@3] File [C:/Users/agapi/Desktop/PT_2DPlatformer_L/Saved/Config/Windows/Scalability.ini]
[2023.08.09-10.30.58:457][  0]LogConfig: Setting CVar [[r.HairStrands.SkyLighting.IntegrationType:2]]
[2023.08.09-10.30.58:457][  0]LogConfig: Setting CVar [[r.HairStrands.SkyAO.SampleCount:4]]
[2023.08.09-10.30.58:457][  0]LogConfig: Setting CVar [[r.HairStrands.Visibility.MSAA.SamplePerPixel:4]]
[2023.08.09-10.30.58:457][  0]LogConfig: Applying CVar settings from Section [Startup] File [../../../Engine/Config/ConsoleVariables.ini]
[2023.08.09-10.30.58:457][  0]LogConfig: Setting CVar [[net.UseAdaptiveNetUpdateFrequency:0]]
[2023.08.09-10.30.58:457][  0]LogConfig: Setting CVar [[p.chaos.AllowCreatePhysxBodies:1]]
[2023.08.09-10.30.58:457][  0]LogConfig: Setting CVar [[fx.SkipVectorVMBackendOptimizations:1]]
[2023.08.09-10.30.58:457][  0]LogConfig: Applying CVar settings from Section [ConsoleVariables] File [C:/Users/agapi/Desktop/PT_2DPlatformer_L/Saved/Config/Windows/Engine.ini]
[2023.08.09-10.30.58:457][  0]LogConfig: Applying CVar settings from Section [ConsoleVariables] File [C:/Users/agapi/Desktop/PT_2DPlatformer_L/Saved/Config/Windows/Editor.ini]
[2023.08.09-10.30.58:457][  0]LogInit: Computer: LAPTOP-2DF4KPDK
[2023.08.09-10.30.58:457][  0]LogInit: User: agapi
[2023.08.09-10.30.58:457][  0]LogInit: CPU Page size=4096, Cores=8
[2023.08.09-10.30.58:457][  0]LogInit: High frequency timer resolution =10.000000 MHz
[2023.08.09-10.30.58:458][  0]LogMemory: Memory total: Physical=15.9GB (16GB approx)
[2023.08.09-10.30.58:458][  0]LogMemory: Platform Memory Stats for Windows
[2023.08.09-10.30.58:458][  0]LogMemory: Process Physical Memory: 142.66 MB used, 142.66 MB peak
[2023.08.09-10.30.58:458][  0]LogMemory: Process Virtual Memory: 130.06 MB used, 130.06 MB peak
[2023.08.09-10.30.58:458][  0]LogMemory: Physical Memory: 10948.61 MB used,  5304.71 MB free, 16253.32 MB total
[2023.08.09-10.30.58:458][  0]LogMemory: Virtual Memory: 134211664.00 MB used,  6067.26 MB free, 134217728.00 MB total
[2023.08.09-10.30.58:462][  0]LogWindows: WindowsPlatformFeatures enabled
[2023.08.09-10.30.58:501][  0]LogInit: Physics initialised using underlying interface: PhysX
[2023.08.09-10.30.58:502][  0]LogInit: Using OS detected language (en-US).
[2023.08.09-10.30.58:502][  0]LogInit: Using OS detected locale (en-GB).
[2023.08.09-10.30.58:504][  0]LogTextLocalizationManager: No specific localization for 'en-US' exists, so the 'en' localization will be used.
[2023.08.09-10.30.58:709][  0]LogInit: Setting process to per monitor DPI aware
[2023.08.09-10.30.58:719][  0]LogWindowsTextInputMethodSystem: Display: IME system deactivated.
[2023.08.09-10.30.58:732][  0]LogSlate: New Slate User Created.  User Index 0, Is Virtual User: 0
[2023.08.09-10.30.58:732][  0]LogSlate: Slate User Registered.  User Index 0, Is Virtual User: 0
[2023.08.09-10.30.58:922][  0]LogD3D11RHI: Loaded GFSDK_Aftermath_Lib.x64.dll
[2023.08.09-10.30.58:924][  0]LogD3D11RHI: D3D11 min allowed feature level: 11_0
[2023.08.09-10.30.58:924][  0]LogD3D11RHI: D3D11 max allowed feature level: 11_0
[2023.08.09-10.30.58:924][  0]LogD3D11RHI: D3D11 adapters:
[2023.08.09-10.30.59:065][  0]LogD3D11RHI:    0. 'NVIDIA GeForce RTX 2060' (Feature Level 11_0)
[2023.08.09-10.30.59:065][  0]LogD3D11RHI:       5968/0/8126 MB DedicatedVideo/DedicatedSystem/SharedSystem, Outputs:1, VendorId:0x10de
[2023.08.09-10.30.59:067][  0]LogD3D11RHI:    1. 'Microsoft Basic Render Driver' (Feature Level 11_0)
[2023.08.09-10.30.59:068][  0]LogD3D11RHI:       0/0/8126 MB DedicatedVideo/DedicatedSystem/SharedSystem, Outputs:0, VendorId:0x1414
[2023.08.09-10.30.59:068][  0]LogD3D11RHI: Chosen D3D11 Adapter:
[2023.08.09-10.30.59:068][  0]LogD3D11RHI:     Description : NVIDIA GeForce RTX 2060
[2023.08.09-10.30.59:068][  0]LogD3D11RHI:     VendorId    : 10de
[2023.08.09-10.30.59:068][  0]LogD3D11RHI:     DeviceId    : 1f15
[2023.08.09-10.30.59:068][  0]LogD3D11RHI:     SubSysId    : 3a4717aa
[2023.08.09-10.30.59:068][  0]LogD3D11RHI:     Revision    : 00a1
[2023.08.09-10.30.59:068][  0]LogD3D11RHI:     DedicatedVideoMemory : 6257901568 bytes
[2023.08.09-10.30.59:068][  0]LogD3D11RHI:     DedicatedSystemMemory : 0 bytes
[2023.08.09-10.30.59:068][  0]LogD3D11RHI:     SharedSystemMemory : 8521418752 bytes
[2023.08.09-10.30.59:068][  0]LogD3D11RHI:     AdapterLuid : 0 55849
[2023.08.09-10.30.59:076][  0]LogD3D11RHI: Creating new Direct3DDevice
[2023.08.09-10.30.59:076][  0]LogD3D11RHI:     GPU DeviceId: 0x1f15 (for the marketing name, search the web for "GPU Device Id")
[2023.08.09-10.30.59:076][  0]LogWindows: EnumDisplayDevices:
[2023.08.09-10.30.59:076][  0]LogWindows:    0. 'NVIDIA GeForce RTX 2060' (P:1 D:1)
[2023.08.09-10.30.59:077][  0]LogWindows:    1. 'NVIDIA GeForce RTX 2060' (P:0 D:0)
[2023.08.09-10.30.59:077][  0]LogWindows:    2. 'NVIDIA GeForce RTX 2060' (P:0 D:0)
[2023.08.09-10.30.59:077][  0]LogWindows:    3. 'NVIDIA GeForce RTX 2060' (P:0 D:0)
[2023.08.09-10.30.59:077][  0]LogWindows: DebugString: FoundDriverCount:4 
[2023.08.09-10.30.59:077][  0]LogD3D11RHI:     Adapter Name: NVIDIA GeForce RTX 2060
[2023.08.09-10.30.59:077][  0]LogD3D11RHI:   Driver Version: 536.67 (internal:31.0.15.3667, unified:536.67)
[2023.08.09-10.30.59:077][  0]LogD3D11RHI:      Driver Date: 7-12-2023
[2023.08.09-10.30.59:077][  0]LogRHI: Texture pool is 4177 MB (70% of 5968 MB)
[2023.08.09-10.30.59:077][  0]LogD3D11RHI: Creating D3DDevice using adapter:
[2023.08.09-10.30.59:077][  0]LogD3D11RHI:     Description : NVIDIA GeForce RTX 2060
[2023.08.09-10.30.59:077][  0]LogD3D11RHI:     VendorId    : 10de
[2023.08.09-10.30.59:077][  0]LogD3D11RHI:     DeviceId    : 1f15
[2023.08.09-10.30.59:077][  0]LogD3D11RHI:     SubSysId    : 3a4717aa
[2023.08.09-10.30.59:077][  0]LogD3D11RHI:     Revision    : 00a1
[2023.08.09-10.30.59:077][  0]LogD3D11RHI:     DedicatedVideoMemory : 6257901568 bytes
[2023.08.09-10.30.59:077][  0]LogD3D11RHI:     DedicatedSystemMemory : 0 bytes
[2023.08.09-10.30.59:077][  0]LogD3D11RHI:     SharedSystemMemory : 8521418752 bytes
[2023.08.09-10.30.59:077][  0]LogD3D11RHI:     AdapterLuid : 0 55849
[2023.08.09-10.30.59:176][  0]LogD3D11RHI: RHI has support for 64 bit atomics
[2023.08.09-10.30.59:176][  0]LogD3D11RHI: Async texture creation enabled
[2023.08.09-10.30.59:176][  0]LogD3D11RHI: Array index from any shader is supported
[2023.08.09-10.30.59:199][  0]LogD3D11RHI: GPU Timing Frequency: 1000.000000 (Debug: 2 1)
[2023.08.09-10.30.59:223][  0]LogRHI: GeForceNow SDK initialized: 1
[2023.08.09-10.30.59:486][  0]LogTargetPlatformManager: Display: Loaded TargetPlatform 'AllDesktop'
[2023.08.09-10.30.59:506][  0]LogTargetPlatformManager: Display: Loaded TargetPlatform 'Android'
[2023.08.09-10.30.59:506][  0]LogTargetPlatformManager: Display: Loaded TargetPlatform 'Android_ASTC'
[2023.08.09-10.30.59:506][  0]LogTargetPlatformManager: Display: Loaded TargetPlatform 'Android_DXT'
[2023.08.09-10.30.59:506][  0]LogTargetPlatformManager: Display: Loaded TargetPlatform 'Android_ETC2'
[2023.08.09-10.30.59:506][  0]LogTargetPlatformManager: Display: Loaded TargetPlatform 'AndroidClient'
[2023.08.09-10.30.59:506][  0]LogTargetPlatformManager: Display: Loaded TargetPlatform 'Android_ASTCClient'
[2023.08.09-10.30.59:506][  0]LogTargetPlatformManager: Display: Loaded TargetPlatform 'Android_DXTClient'
[2023.08.09-10.30.59:506][  0]LogTargetPlatformManager: Display: Loaded TargetPlatform 'Android_ETC2Client'
[2023.08.09-10.30.59:506][  0]LogTargetPlatformManager: Display: Loaded TargetPlatform 'Android_Multi'
[2023.08.09-10.30.59:506][  0]LogTargetPlatformManager: Display: Loaded TargetPlatform 'Android_MultiClient'
[2023.08.09-10.30.59:526][  0]LogTargetPlatformManager: Display: Loaded TargetPlatform 'IOSClient'
[2023.08.09-10.30.59:526][  0]LogTargetPlatformManager: Display: Loaded TargetPlatform 'IOS'
[2023.08.09-10.30.59:535][  0]LogTargetPlatformManager: Display: Loaded TargetPlatform 'Linux'
[2023.08.09-10.30.59:539][  0]LogTargetPlatformManager: Display: Loaded TargetPlatform 'LinuxNoEditor'
[2023.08.09-10.30.59:543][  0]LogTargetPlatformManager: Display: Loaded TargetPlatform 'LinuxClient'
[2023.08.09-10.30.59:547][  0]LogTargetPlatformManager: Display: Loaded TargetPlatform 'LinuxServer'
[2023.08.09-10.30.59:556][  0]LogTargetPlatformManager: Display: Loaded TargetPlatform 'LinuxAArch64NoEditor'
[2023.08.09-10.30.59:561][  0]LogTargetPlatformManager: Display: Loaded TargetPlatform 'LinuxAArch64Client'
[2023.08.09-10.30.59:565][  0]LogTargetPlatformManager: Display: Loaded TargetPlatform 'LinuxAArch64Server'
[2023.08.09-10.30.59:586][  0]LogTargetPlatformManager: Display: Loaded TargetPlatform 'Lumin'
[2023.08.09-10.30.59:587][  0]LogTargetPlatformManager: Display: Loaded TargetPlatform 'LuminClient'
[2023.08.09-10.30.59:594][  0]LogTargetPlatformManager: Display: Loaded TargetPlatform 'MacNoEditor'
[2023.08.09-10.30.59:598][  0]LogTargetPlatformManager: Display: Loaded TargetPlatform 'Mac'
[2023.08.09-10.30.59:603][  0]LogTargetPlatformManager: Display: Loaded TargetPlatform 'MacClient'
[2023.08.09-10.30.59:607][  0]LogTargetPlatformManager: Display: Loaded TargetPlatform 'MacServer'
[2023.08.09-10.30.59:617][  0]LogTargetPlatformManager: Display: Loaded TargetPlatform 'TVOSClient'
[2023.08.09-10.30.59:617][  0]LogTargetPlatformManager: Display: Loaded TargetPlatform 'TVOS'
[2023.08.09-10.30.59:625][  0]LogTargetPlatformManager: Display: Loaded TargetPlatform 'WindowsNoEditor'
[2023.08.09-10.30.59:630][  0]LogTargetPlatformManager: Display: Loaded TargetPlatform 'Windows'
[2023.08.09-10.30.59:634][  0]LogTargetPlatformManager: Display: Loaded TargetPlatform 'WindowsClient'
[2023.08.09-10.30.59:638][  0]LogTargetPlatformManager: Display: Loaded TargetPlatform 'WindowsServer'
[2023.08.09-10.30.59:638][  0]LogTargetPlatformManager: Display: Building Assets For Windows
[2023.08.09-10.30.59:645][  0]LogAudioDebug: Display: Lib vorbis DLL was dynamically loaded.
[2023.08.09-10.30.59:677][  0]LogTextureFormatOodle: Display: Oodle Texture 2.9.0 init RDO Off
[2023.08.09-10.30.59:712][  0]LogRendererCore: Ray tracing is disabled. Reason: r.RayTracing=0.
[2023.08.09-10.30.59:712][  0]LogShaderCompilers: Guid format shader working directory is 7 characters bigger than the processId version (C:/Users/agapi/Desktop/PT_2DPlatformer_L/Intermediate/Shaders/WorkingDirectory/516/).
[2023.08.09-10.30.59:712][  0]LogShaderCompilers: Cleaned the shader compiler working directory 'C:/Users/agapi/AppData/Local/Temp/UnrealShaderWorkingDir/097D5C714D1D01D2893D168841A8EE41/'.
[2023.08.09-10.30.59:712][  0]LogXGEController: Cannot use XGE Controller as Incredibuild is not installed on this machine.
[2023.08.09-10.30.59:712][  0]LogShaderCompilers: Cannot use XGE Shader Compiler as Incredibuild is not installed on this machine.
[2023.08.09-10.30.59:712][  0]LogShaderCompilers: Display: Using Local Shader Compiler.
[2023.08.09-10.31.00:338][  0]LogDerivedDataCache: Display: Max Cache Size: 512 MB
[2023.08.09-10.31.00:386][  0]LogDerivedDataCache: Loaded boot cache 0.05s 80MB C:/Users/agapi/AppData/Local/UnrealEngine/4.27/DerivedDataCache/Boot.ddc.
[2023.08.09-10.31.00:386][  0]LogDerivedDataCache: Display: Loaded Boot cache: C:/Users/agapi/AppData/Local/UnrealEngine/4.27/DerivedDataCache/Boot.ddc
[2023.08.09-10.31.00:386][  0]LogDerivedDataCache: FDerivedDataBackendGraph:  Pak pak cache file C:/Users/agapi/Desktop/PT_2DPlatformer_L/DerivedDataCache/DDC.ddp not found, will not use a pak cache.
[2023.08.09-10.31.00:387][  0]LogDerivedDataCache: Unable to find inner node Pak for hierarchical cache Hierarchy.
[2023.08.09-10.31.00:387][  0]LogDerivedDataCache: FDerivedDataBackendGraph:  CompressedPak pak cache file C:/Users/agapi/Desktop/PT_2DPlatformer_L/DerivedDataCache/Compressed.ddp not found, will not use a pak cache.
[2023.08.09-10.31.00:387][  0]LogDerivedDataCache: Unable to find inner node CompressedPak for hierarchical cache Hierarchy.
[2023.08.09-10.31.00:404][  0]LogDerivedDataCache: Display: Pak cache opened for reading ../../../Engine/DerivedDataCache/Compressed.ddp.
[2023.08.09-10.31.00:404][  0]LogDerivedDataCache: FDerivedDataBackendGraph:  EnterprisePak pak cache file ../../../Enterprise/DerivedDataCache/Compressed.ddp not found, will not use a pak cache.
[2023.08.09-10.31.00:404][  0]LogDerivedDataCache: Unable to find inner node EnterprisePak for hierarchical cache Hierarchy.
[2023.08.09-10.31.00:422][  0]LogDerivedDataCache: Speed tests for C:/Users/agapi/AppData/Local/UnrealEngine/Common/DerivedDataCache took 0.02 seconds
[2023.08.09-10.31.00:422][  0]LogDerivedDataCache: Display: Performance to C:/Users/agapi/AppData/Local/UnrealEngine/Common/DerivedDataCache: Latency=0.03ms. RandomReadSpeed=1189.47MBs, RandomWriteSpeed=58.81MBs. Assigned SpeedClass 'Local'
[2023.08.09-10.31.00:423][  0]LogDerivedDataCache: Using Local data cache path C:/Users/agapi/AppData/Local/UnrealEngine/Common/DerivedDataCache: Writable
[2023.08.09-10.31.00:423][  0]LogDerivedDataCache: Shared data cache path not found in *engine.ini, will not use an Shared cache.
[2023.08.09-10.31.00:423][  0]LogDerivedDataCache: Unable to find inner node Shared for hierarchical cache Hierarchy.
[2023.08.09-10.31.00:463][  0]LogSlate: Using FreeType 2.10.0
[2023.08.09-10.31.00:464][  0]LogSlate: SlateFontServices - WITH_FREETYPE: 1, WITH_HARFBUZZ: 1
[2023.08.09-10.31.00:486][  0]LogAssetRegistry: FAssetRegistry took 0.0029 seconds to start up
[2023.08.09-10.31.00:700][  0]LogInit: Selected Device Profile: [Windows]
[2023.08.09-10.31.00:700][  0]LogInit: Active device profile: [000001E35247CF00][000001E347148340 49] Windows
[2023.08.09-10.31.00:700][  0]LogInit: Profiles: [000001E35247CF00][000001E347148340 49] Windows, [000001E352432200][000001E347144480 49] WindowsNoEditor, [000001E35247DF00][000001E350BC05C0 49] WindowsServer, [000001E352431300][000001E347190700 49] WindowsClient, [000001E35247D200][000001E353104880 49] IOS, [000001E352433B00][000001E34719CA00 49] iPadAir, [000001E35247F300][000001E3471A0B80 49] iPadAir2, [000001E353991300][000001E3471D2E40 49] IPadPro, [000001E353991400][000001E3471CAE80 49] iPadAir3, [000001E352430B00][000001E3471EB000 49] iPadAir4, [000001E353992100][000001E3471EF180 49] iPadMini2, [000001E352433200][000001E354A41300 49] iPadMini3, [000001E353992C00][000001E354A95480 49] iPadMini4, [000001E352432400][000001E354AB9600 49] iPadMini5, [000001E353998E00][000001E354AC18C0 49] iPhone6, [000001E353998F00][000001E354ABD900 49] iPodTouch6, [000001E35247F700][000001E354AC9BC0 49] iPhone7, [000001E35247E800][000001E354AC5C00 49] iPodTouch7, [000001E353991100][000001E354ACC200 49] iPhone5S, [000001E35247D100][000001E347396380 49] iPhone6Plus, [000001E353992A00][000001E34739A500 49] iPhone6S, [000001E35247DA00][000001E353100640 49] iPhone6SPlus, [000001E353998100][000001E34739E780 49] iPhone7Plus, [000001E353991D00][000001E3532C48C0 49] iPhoneSE, [000001E353998C00][000001E3532CCA40 49] iPhone8, [000001E353990400][000001E3532D4BC0 49] iPhone8Plus, [000001E35399AA00][000001E3532D8D40 49] iPhoneX, [000001E353993C00][000001E3532DCEC0 49] iPhoneXS, [000001E35399A900][000001E353405040 49] iPhoneXSMax, [000001E353990B00][000001E3534091C0 49] iPhoneXR, [000001E35247F800][000001E35343B340 49] iPhone11, [000001E353993D00][000001E3534534C0 49] iPhone11Pro, [000001E35247DB00][000001E35346D640 49] iPhone11ProMax, [000001E353991500][000001E3534E17C0 49] iPhoneSE2, [000001E35247DE00][000001E3534E5940 49] iPhone12Mini, [000001E353993100][000001E3534E9AC0 49] iPhone12, [000001E35247F400][000001E354A440C0 49] iPhone12Pro, [000001E353990D00][000001E354A48240 49] iPhone12ProMax, [000001E35247FC00][000001E354A4C3C0 49] iPadPro105, [000001E353993700][000001E354A50540 49] iPadPro129, [000001E35247EA00][000001E354A546C0 49] iPadPro97, [000001E353990900][000001E3532C8800 49] iPadPro2_129, [000001E35247C800][000001E3536A4940 49] iPad5, [000001E353991000][000001E3470FCA80 49] iPad6, [000001E35247C400][000001E347100BC0 49] iPad7, [000001E353992B00][000001E347108D40 49] iPad8, [000001E35247F500][000001E347110EC0 49] iPadPro11, [000001E353991800][000001E3536A9040 49] iPadPro2_11, [000001E35247C900][000001E354A6D1C0 49] iPadPro3_129, [000001E353992800][000001E3536B1340 49] iPadPro4_129, [000001E35247EE00][000001E34710D4C0 49] AppleTV, [000001E353993E00][000001E3536AD640 49] AppleTV4K, [000001E35247C500][000001E3536B57C0 49] TVOS, [000001E353991700][000001E354AA5940 49] Mac, [000001E35247E300][000001E354AA9AC0 49] MacClient, [000001E353990800][000001E354AAC0C0 49] MacNoEditor, [000001E35247D000][000001E354AB0240 49] MacServer, [000001E353990500][000001E354AB43C0 49] Linux, [000001E35247EB00][000001E347378540 49] LinuxAArch64, [000001E353991600][000001E3471CE6C0 49] LinuxNoEditor, [000001E35247E100][000001E3471D6840 49] LinuxAArch64NoEditor, [000001E353993900][000001E347104980 49] LinuxClient, [000001E35247E600][000001E34737CAC0 49] LinuxAArch64Client, [000001E353992300][000001E347380C00 49] LinuxServer, [000001E35247C700][000001E347384D40 49] LinuxAArch64Server, [000001E353991A00][000001E34738CEC0 49] Android, [000001E35247E200][000001E347391040 49] Android_Low, [000001E353991C00][000001E354A711C0 49] Android_Mid, [000001E35247D300][000001E354A75340 49] Android_High, [000001E353990E00][000001E354A794C0 49] Android_Default, [000001E35247F600][000001E354A7D640 49] Android_Adreno4xx, [000001E353990F00][000001E354A817C0 49] Android_Adreno5xx_Low, [000001E35247FB00][000001E354A85940 49] Android_Adreno5xx, [000001E353993A00][000001E354A89AC0 49] Android_Adreno6xx, [000001E35247CB00][000001E354A8C0C0 49] Android_Adreno6xx_Vulkan, [000001E353991900][000001E354A90240 49] Android_Mali_T6xx, [000001E35247CA00][000001E35320C3C0 49] Android_Mali_T7xx, [000001E352431200][000001E353210540 49] Android_Mali_T8xx, [000001E353998500][000001E3532146C0 49] Android_Mali_G71, [000001E352430600][000001E353218840 49] Android_Mali_G72, [000001E353998300][000001E35321C9C0 49] Android_Mali_G72_Vulkan, [000001E352433100][000001E353220B40 49] Android_Mali_G76, [000001E353999000][000001E347388C80 49] Android_Mali_G76_Vulkan, [000001E352431E00][000001E353224DC0 49] Android_Mali_G77, [000001E35399AF00][000001E353228F00 49] Android_Mali_G77_Vulkan, [000001E352430E00][000001E353231080 49] Android_Mali_G78, [000001E35399B100][000001E3530C7200 49] Android_Mali_G78_Vulkan, [000001E352430800][000001E3530CB380 49] Android_Mali_G710, [000001E35399AC00][000001E3530CF500 49] Android_Mali_G710_Vulkan, [000001E352433400][000001E3530D3680 49] Android_Vulkan_SM5, [000001E35399B500][000001E3530D7800 49] Android_PowerVR_G6xxx, [000001E352431700][000001E3530DB980 49] Android_PowerVR_GT7xxx, [000001E353999D00][000001E3530DFB00 49] Android_PowerVR_GE8xxx, [000001E352432B00][000001E3530E2100 49] Android_PowerVR_GM9xxx, [000001E353998800][000001E3530E6280 49] Android_PowerVR_GM9xxx_Vulkan, [000001E352432F00][000001E3530EA400 49] Android_TegraK1, [000001E353999200][000001E350C00580 49] Android_Unknown_Vulkan, [000001E352432100][000001E350C04700 49] Lumin, [000001E35399B700][000001E350C08880 49] Lumin_Desktop, [000001E352432600][000001E350C0CA00 49] HoloLens, 
[2023.08.09-10.31.00:811][  0]LogMeshReduction: Using QuadricMeshReduction for automatic static mesh reduction
[2023.08.09-10.31.00:811][  0]LogMeshReduction: Using SimplygonMeshReduction for automatic skeletal mesh reduction
[2023.08.09-10.31.00:811][  0]LogMeshReduction: Using ProxyLODMeshReduction for automatic mesh merging
[2023.08.09-10.31.00:811][  0]LogMeshReduction: No distributed automatic mesh merging module available
[2023.08.09-10.31.00:811][  0]LogMeshMerging: No distributed automatic mesh merging module available
[2023.08.09-10.31.00:827][  0]LogNetVersion: PT_2DPlatformer_L 1.0.0, NetCL: 17155196, EngineNetVer: 17, GameNetVer: 0 (Checksum: 1049996777)
[2023.08.09-10.31.01:184][  0]LogTexture: Default maximum texture size for cubemaps generated from long-lat sources has been changed from 512 to unlimited. In order to preserve old behaiour for '/Engine/MapTemplates/Sky/DaylightAmbientCubemap.DaylightAmbientCubemap', its maximum texture size has been explicitly set to 512.
[2023.08.09-10.31.01:240][  0]LogUObjectArray: 16878 objects as part of root set at end of initial load.
[2023.08.09-10.31.01:240][  0]LogUObjectAllocator: 4218224 out of 0 bytes used by permanent object pool.
[2023.08.09-10.31.01:240][  0]LogUObjectArray: CloseDisregardForGC: 0/0 objects in disregard for GC pool
[2023.08.09-10.31.01:502][  0]LogPython: Using Python 3.7.7
[2023.08.09-10.31.01:940][  0]LogNiagaraDebuggerClient: Niagara Debugger Client Initialized | Session: 5E883C1A4EEB48027E6E7BA88C98BAE4 | Instance: 1416D7CA43A1D7475E87D28D66957DA9 (LAPTOP-2DF4KPDK-516).
[2023.08.09-10.31.02:091][  0]LogUdpMessaging: Initializing bridge on interface 0.0.0.0:0 to multicast group 230.0.0.1:6666.
[2023.08.09-10.31.02:099][  0]LogTcpMessaging: Initializing TcpMessaging bridge
[2023.08.09-10.31.02:189][  0]SourceControl: Source control is disabled
[2023.08.09-10.31.02:189][  0]SourceControl: Source control is disabled
[2023.08.09-10.31.02:192][  0]SourceControl: Source control is disabled
[2023.08.09-10.31.02:195][  0]SourceControl: Source control is disabled
[2023.08.09-10.31.02:204][  0]SourceControl: Source control is disabled
[2023.08.09-10.31.02:219][  0]LogUProjectInfo: Found projects:
[2023.08.09-10.31.02:405][  0]LogOpenImageDenoise: OIDN starting up
[2023.08.09-10.31.02:455][  0]LogAndroidPermission: UAndroidPermissionCallbackProxy::GetInstance
[2023.08.09-10.31.02:479][  0]LogAudioCaptureCore: Display: No Audio Capture implementations found. Audio input will be silent.
[2023.08.09-10.31.02:479][  0]LogAudioCaptureCore: Display: No Audio Capture implementations found. Audio input will be silent.
[2023.08.09-10.31.02:553][  0]LogCollectionManager: Loaded 0 collections in 0.000728 seconds
[2023.08.09-10.31.02:555][  0]LogFileCache: Scanning file cache for directory 'C:/Users/agapi/Desktop/PT_2DPlatformer_L/Saved/Collections/' took 0.00s
[2023.08.09-10.31.02:556][  0]LogFileCache: Scanning file cache for directory 'C:/Users/agapi/Desktop/PT_2DPlatformer_L/Content/Developers/agapi/Collections/' took 0.00s
[2023.08.09-10.31.02:556][  0]LogFileCache: Scanning file cache for directory 'C:/Users/agapi/Desktop/PT_2DPlatformer_L/Content/Collections/' took 0.00s
[2023.08.09-10.31.02:620][  0]LogEngine: Initializing Engine...
[2023.08.09-10.31.02:620][  0]LogMagicLeap: Warning: VR disabled because ZI is not enabled.  To enable, in the editor, Edit -> Project Settings -> Plugins -> Magic Leap Plugin -> Enable Zero Iteration
[2023.08.09-10.31.02:621][  0]LogStats: UGameplayTagsManager::InitializeManager -  0.000 s
[2023.08.09-10.31.02:741][  0]LogInit: Initializing FReadOnlyCVARCache
[2023.08.09-10.31.02:749][  0]LogAIModule: Creating AISystem for world Untitled
[2023.08.09-10.31.02:749][  0]LogAudio: Display: Initializing Audio Device Manager...
[2023.08.09-10.31.02:752][  0]LogAudio: Display: Loading Default Audio Settings Objects...
[2023.08.09-10.31.02:753][  0]LogAudio: Display: No default SoundConcurrencyObject specified (or failed to load).
[2023.08.09-10.31.02:753][  0]LogAudio: Display: Audio Device Manager Initialized
[2023.08.09-10.31.02:753][  0]LogAudio: Display: Creating Audio Device:                 Id: 1, Scope: Shared, Realtime: True
[2023.08.09-10.31.02:753][  0]LogAudioMixer: Display: Audio Mixer Platform Settings:
[2023.08.09-10.31.02:753][  0]LogAudioMixer: Display: 	Sample Rate:						  48000
[2023.08.09-10.31.02:753][  0]LogAudioMixer: Display: 	Callback Buffer Frame Size Requested: 1024
[2023.08.09-10.31.02:753][  0]LogAudioMixer: Display: 	Callback Buffer Frame Size To Use:	  1024
[2023.08.09-10.31.02:753][  0]LogAudioMixer: Display: 	Number of buffers to queue:			  2
[2023.08.09-10.31.02:753][  0]LogAudioMixer: Display: 	Max Channels (voices):				  32
[2023.08.09-10.31.02:753][  0]LogAudioMixer: Display: 	Number of Async Source Workers:		  0
[2023.08.09-10.31.02:753][  0]LogAudio: Display: AudioDevice MaxSources: 32
[2023.08.09-10.31.02:753][  0]LogAudio: Display: Audio Spatialization Plugin: None (built-in).
[2023.08.09-10.31.02:753][  0]LogAudio: Display: Audio Reverb Plugin: None (built-in).
[2023.08.09-10.31.02:753][  0]LogAudio: Display: Audio Occlusion Plugin: None (built-in).
[2023.08.09-10.31.02:754][  0]LogAudioMixer: Display: Initializing audio mixer.
[2023.08.09-10.31.02:762][  0]LogAudioMixer: Display: 0: FrontLeft
[2023.08.09-10.31.02:762][  0]LogAudioMixer: Display: 1: FrontRight
[2023.08.09-10.31.02:954][  0]LogAudioMixer: Display: Using Audio Device Speakers (Realtek(R) Audio)
[2023.08.09-10.31.02:956][  0]LogAudioMixer: Display: Initializing Sound Submixes...
[2023.08.09-10.31.02:959][  0]LogAudioMixer: Display: Creating Master Submix 'MasterSubmixDefault'
[2023.08.09-10.31.02:959][  0]LogAudioMixer: Display: Creating Master Submix 'MasterReverbSubmixDefault'
[2023.08.09-10.31.02:960][  0]LogAudioMixer: Display: Creating Master Submix 'MasterEQSubmixDefault'
[2023.08.09-10.31.02:960][  0]LogAudioMixer: FMixerPlatformXAudio2::StartAudioStream() called
[2023.08.09-10.31.02:960][  0]LogAudioMixer: Display: Output buffers initialized: Frames=1024, Channels=2, Samples=2048
[2023.08.09-10.31.02:961][  0]LogAudioMixer: Display: Starting AudioMixerPlatformInterface::RunInternal()
[2023.08.09-10.31.02:961][  0]LogAudioMixer: Display: FMixerPlatformXAudio2::SubmitBuffer() called for the first time
[2023.08.09-10.31.02:961][  0]LogInit: FAudioDevice initialized.
[2023.08.09-10.31.02:961][  0]LogAudio: Display: Audio Device (ID: 1) registered with world 'Untitled'.
[2023.08.09-10.31.02:961][  0]LogNetVersion: Set ProjectVersion to 1.0.0.0. Version Checksum will be recalculated on next use.
[2023.08.09-10.31.03:011][  0]LogDerivedDataCache: Saved boot cache 0.05s 80MB C:/Users/agapi/AppData/Local/UnrealEngine/4.27/DerivedDataCache/Boot.ddc.
[2023.08.09-10.31.03:012][  0]LogInit: Texture streaming: Enabled
[2023.08.09-10.31.03:024][  0]LogAnalytics: Display: [UEEditor.Rocket.Release] APIServer = https://datarouter.ol.epicgames.com/. AppVersion = 4.27.2-18319896+++UE4+Release-4.27
[2023.08.09-10.31.03:028][  0]LogEngineSessionManager: EngineSessionManager initialized
[2023.08.09-10.31.03:028][  0]LogEditorSessionSummary: Verbose: Initializing EditorSessionSummaryWriter for editor session tracking
[2023.08.09-10.31.03:029][  0]LogEditorSessionSummary: EditorSessionSummaryWriter initialized
[2023.08.09-10.31.03:058][  0]LogInit: Transaction tracking system initialized
[2023.08.09-10.31.03:080][  0]BlueprintLog: New page: Editor Load
[2023.08.09-10.31.03:142][  0]LocalizationService: Localization service is disabled
[2023.08.09-10.31.03:169][  0]TimingProfiler: Initialize
[2023.08.09-10.31.03:169][  0]TimingProfiler: OnSessionChanged
[2023.08.09-10.31.03:169][  0]LoadingProfiler: Initialize
[2023.08.09-10.31.03:170][  0]LoadingProfiler: OnSessionChanged
[2023.08.09-10.31.03:170][  0]NetworkingProfiler: Initialize
[2023.08.09-10.31.03:170][  0]NetworkingProfiler: OnSessionChanged
[2023.08.09-10.31.03:170][  0]MemoryProfiler: Initialize
[2023.08.09-10.31.03:170][  0]MemoryProfiler: OnSessionChanged
[2023.08.09-10.31.03:334][  0]LogCook: Display: CookSettings for Memory: MemoryMaxUsedVirtual 0MiB, MemoryMaxUsedPhysical 16384MiB, MemoryMinFreeVirtual 0MiB, MemoryMinFreePhysical 1024MiB
[2023.08.09-10.31.03:334][  0]LogCook: Display: Mobile HDR setting 1
[2023.08.09-10.31.03:485][  0]LogFileCache: Scanning file cache for directory 'C:/Users/agapi/Desktop/PT_2DPlatformer_L/Content/' took 0.01s
[2023.08.09-10.31.03:485][  0]LogInit: Display: Engine is initialized. Leaving FEngineLoop::Init()
[2023.08.09-10.31.03:487][  0]SourceControl: Source control is disabled
[2023.08.09-10.31.03:488][  0]LogUnrealEdMisc: Loading editor; pre map load, took 6.119
[2023.08.09-10.31.03:488][  0]Cmd: MAP LOAD FILE="C:/Users/agapi/Desktop/PT_2DPlatformer_L/Content/Levels/Level_01.umap" TEMPLATE=0 SHOWPROGRESS=1 FEATURELEVEL=3
[2023.08.09-10.31.03:493][  0]LightingResults: New page: Lighting Build
[2023.08.09-10.31.03:495][  0]LogWorld: UWorld::CleanupWorld for Untitled, bSessionEnded=true, bCleanupResources=true
[2023.08.09-10.31.03:495][  0]LogSlate: InvalidateAllWidgets triggered.  All widgets were invalidated
[2023.08.09-10.31.03:495][  0]MapCheck: New page: Map Check
[2023.08.09-10.31.03:495][  0]LightingResults: New page: Lighting Build
[2023.08.09-10.31.03:501][  0]LogAudio: Display: Audio Device unregistered from world 'None'.
[2023.08.09-10.31.03:503][  0]LogUObjectHash: Compacting FUObjectHashTables data took   0.74ms
[2023.08.09-10.31.04:785][  0]LogAudio: Display: Audio Device (ID: 1) registered with world 'Level_01'.
[2023.08.09-10.31.04:786][  0]LogAIModule: Creating AISystem for world Level_01
[2023.08.09-10.31.04:832][  0]LogEditorServer: Finished looking for orphan Actors (0.000 secs)
[2023.08.09-10.31.04:845][  0]LogUObjectHash: Compacting FUObjectHashTables data took   0.92ms
[2023.08.09-10.31.04:847][  0]Cmd: MAP CHECKDEP NOCLEARLOG
[2023.08.09-10.31.04:847][  0]MapCheck: Map check complete: 0 Error(s), 0 Warning(s), took 0.178ms to complete.
[2023.08.09-10.31.04:847][  0]LogFileHelpers: Loading map 'Level_01' took 1.360
[2023.08.09-10.31.04:849][  0]LogUnrealEdMisc: Total Editor Startup Time, took 7.480
[2023.08.09-10.31.04:948][  0]LogSlate: Updating window title bar state: overlay mode, drag disabled, window buttons hidden, title bar hidden
[2023.08.09-10.31.04:953][  0]LogSlate: Updating window title bar state: overlay mode, drag disabled, window buttons hidden, title bar hidden
[2023.08.09-10.31.04:959][  0]LogSlate: Updating window title bar state: overlay mode, drag disabled, window buttons hidden, title bar hidden
[2023.08.09-10.31.04:964][  0]LogSlate: Updating window title bar state: overlay mode, drag disabled, window buttons hidden, title bar hidden
[2023.08.09-10.31.04:977][  0]LogNativeClassHierarchy: Verbose: Native class hierarchy populated in 0.0089 seconds. Added 3714 classes and 868 folders.
[2023.08.09-10.31.04:979][  0]LogNativeClassHierarchy: Verbose: Native class hierarchy updated for 'WidgetCarousel' in 0.0003 seconds. Added 0 classes and 0 folders.
[2023.08.09-10.31.04:981][  0]LogPakFile: PakFile PrimaryIndexSize=187
[2023.08.09-10.31.04:981][  0]LogPakFile: PakFile PathHashIndexSize=101
[2023.08.09-10.31.04:981][  0]LogPakFile: PakFile FullDirectoryIndexSize=148
[2023.08.09-10.31.04:981][  0]LogShaderLibrary: Display: ShaderCodeLibraryPakFileMountedCallback: PakFile 'D:/Unreal Engine/UE_4.27/FeaturePacks/FP_FirstPerson.upack' (chunk index -1, root 'root:/') mounted
[2023.08.09-10.31.04:981][  0]LogShaderLibrary: Display: ShaderCodeLibraryPakFileMountedCallback: pending pak file info (ChunkID:-1 Root:root:/ File:D:/Unreal Engine/UE_4.27/FeaturePacks/FP_FirstPerson.upack)
[2023.08.09-10.31.04:981][  0]LogPakFile: OnPakFileMounted2Time == 0.000047
[2023.08.09-10.31.04:981][  0]LogPakFile: PakFile PrimaryIndexSize=189
[2023.08.09-10.31.04:982][  0]LogPakFile: PakFile PathHashIndexSize=101
[2023.08.09-10.31.04:982][  0]LogPakFile: PakFile FullDirectoryIndexSize=152
[2023.08.09-10.31.04:982][  0]LogShaderLibrary: Display: ShaderCodeLibraryPakFileMountedCallback: PakFile 'D:/Unreal Engine/UE_4.27/FeaturePacks/FP_FirstPersonBP.upack' (chunk index -1, root 'root:/') mounted
[2023.08.09-10.31.04:982][  0]LogShaderLibrary: Display: ShaderCodeLibraryPakFileMountedCallback: pending pak file info (ChunkID:-1 Root:root:/ File:D:/Unreal Engine/UE_4.27/FeaturePacks/FP_FirstPersonBP.upack)
[2023.08.09-10.31.04:982][  0]LogPakFile: OnPakFileMounted2Time == 0.000035
[2023.08.09-10.31.04:982][  0]LogPakFile: PakFile PrimaryIndexSize=191
[2023.08.09-10.31.04:982][  0]LogPakFile: PakFile PathHashIndexSize=101
[2023.08.09-10.31.04:982][  0]LogPakFile: PakFile FullDirectoryIndexSize=160
[2023.08.09-10.31.04:982][  0]LogShaderLibrary: Display: ShaderCodeLibraryPakFileMountedCallback: PakFile 'D:/Unreal Engine/UE_4.27/FeaturePacks/MobileStarterContent.upack' (chunk index -1, root 'root:/') mounted
[2023.08.09-10.31.04:982][  0]LogShaderLibrary: Display: ShaderCodeLibraryPakFileMountedCallback: pending pak file info (ChunkID:-1 Root:root:/ File:D:/Unreal Engine/UE_4.27/FeaturePacks/MobileStarterContent.upack)
[2023.08.09-10.31.04:982][  0]LogPakFile: OnPakFileMounted2Time == 0.000035
[2023.08.09-10.31.04:983][  0]LogPakFile: PakFile PrimaryIndexSize=185
[2023.08.09-10.31.04:983][  0]LogPakFile: PakFile PathHashIndexSize=101
[2023.08.09-10.31.04:983][  0]LogPakFile: PakFile FullDirectoryIndexSize=148
[2023.08.09-10.31.04:983][  0]LogShaderLibrary: Display: ShaderCodeLibraryPakFileMountedCallback: PakFile 'D:/Unreal Engine/UE_4.27/FeaturePacks/StarterContent.upack' (chunk index -1, root 'root:/') mounted
[2023.08.09-10.31.04:983][  0]LogShaderLibrary: Display: ShaderCodeLibraryPakFileMountedCallback: pending pak file info (ChunkID:-1 Root:root:/ File:D:/Unreal Engine/UE_4.27/FeaturePacks/StarterContent.upack)
[2023.08.09-10.31.04:983][  0]LogPakFile: OnPakFileMounted2Time == 0.000033
[2023.08.09-10.31.04:984][  0]LogPakFile: PakFile PrimaryIndexSize=190
[2023.08.09-10.31.04:984][  0]LogPakFile: PakFile PathHashIndexSize=101
[2023.08.09-10.31.04:984][  0]LogPakFile: PakFile FullDirectoryIndexSize=154
[2023.08.09-10.31.04:984][  0]LogShaderLibrary: Display: ShaderCodeLibraryPakFileMountedCallback: PakFile 'D:/Unreal Engine/UE_4.27/FeaturePacks/TP_2DSideScroller.upack' (chunk index -1, root 'root:/') mounted
[2023.08.09-10.31.04:984][  0]LogShaderLibrary: Display: ShaderCodeLibraryPakFileMountedCallback: pending pak file info (ChunkID:-1 Root:root:/ File:D:/Unreal Engine/UE_4.27/FeaturePacks/TP_2DSideScroller.upack)
[2023.08.09-10.31.04:984][  0]LogPakFile: OnPakFileMounted2Time == 0.000033
[2023.08.09-10.31.04:984][  0]LogPakFile: PakFile PrimaryIndexSize=192
[2023.08.09-10.31.04:984][  0]LogPakFile: PakFile PathHashIndexSize=101
[2023.08.09-10.31.04:984][  0]LogPakFile: PakFile FullDirectoryIndexSize=158
[2023.08.09-10.31.04:984][  0]LogShaderLibrary: Display: ShaderCodeLibraryPakFileMountedCallback: PakFile 'D:/Unreal Engine/UE_4.27/FeaturePacks/TP_2DSideScrollerBP.upack' (chunk index -1, root 'root:/') mounted
[2023.08.09-10.31.04:984][  0]LogShaderLibrary: Display: ShaderCodeLibraryPakFileMountedCallback: pending pak file info (ChunkID:-1 Root:root:/ File:D:/Unreal Engine/UE_4.27/FeaturePacks/TP_2DSideScrollerBP.upack)
[2023.08.09-10.31.04:984][  0]LogPakFile: OnPakFileMounted2Time == 0.000034
[2023.08.09-10.31.04:985][  0]LogPakFile: PakFile PrimaryIndexSize=182
[2023.08.09-10.31.04:985][  0]LogPakFile: PakFile PathHashIndexSize=101
[2023.08.09-10.31.04:985][  0]LogPakFile: PakFile FullDirectoryIndexSize=138
[2023.08.09-10.31.04:985][  0]LogShaderLibrary: Display: ShaderCodeLibraryPakFileMountedCallback: PakFile 'D:/Unreal Engine/UE_4.27/FeaturePacks/TP_Flying.upack' (chunk index -1, root 'root:/') mounted
[2023.08.09-10.31.04:985][  0]LogShaderLibrary: Display: ShaderCodeLibraryPakFileMountedCallback: pending pak file info (ChunkID:-1 Root:root:/ File:D:/Unreal Engine/UE_4.27/FeaturePacks/TP_Flying.upack)
[2023.08.09-10.31.04:985][  0]LogPakFile: OnPakFileMounted2Time == 0.000031
[2023.08.09-10.31.04:986][  0]LogPakFile: PakFile PrimaryIndexSize=184
[2023.08.09-10.31.04:986][  0]LogPakFile: PakFile PathHashIndexSize=101
[2023.08.09-10.31.04:986][  0]LogPakFile: PakFile FullDirectoryIndexSize=142
[2023.08.09-10.31.04:986][  0]LogShaderLibrary: Display: ShaderCodeLibraryPakFileMountedCallback: PakFile 'D:/Unreal Engine/UE_4.27/FeaturePacks/TP_FlyingBP.upack' (chunk index -1, root 'root:/') mounted
[2023.08.09-10.31.04:986][  0]LogShaderLibrary: Display: ShaderCodeLibraryPakFileMountedCallback: pending pak file info (ChunkID:-1 Root:root:/ File:D:/Unreal Engine/UE_4.27/FeaturePacks/TP_FlyingBP.upack)
[2023.08.09-10.31.04:986][  0]LogPakFile: OnPakFileMounted2Time == 0.000027
[2023.08.09-10.31.04:986][  0]LogPakFile: PakFile PrimaryIndexSize=188
[2023.08.09-10.31.04:986][  0]LogPakFile: PakFile PathHashIndexSize=101
[2023.08.09-10.31.04:986][  0]LogPakFile: PakFile FullDirectoryIndexSize=150
[2023.08.09-10.31.04:986][  0]LogShaderLibrary: Display: ShaderCodeLibraryPakFileMountedCallback: PakFile 'D:/Unreal Engine/UE_4.27/FeaturePacks/TP_HandheldARBP.upack' (chunk index -1, root 'root:/') mounted
[2023.08.09-10.31.04:986][  0]LogShaderLibrary: Display: ShaderCodeLibraryPakFileMountedCallback: pending pak file info (ChunkID:-1 Root:root:/ File:D:/Unreal Engine/UE_4.27/FeaturePacks/TP_HandheldARBP.upack)
[2023.08.09-10.31.04:986][  0]LogPakFile: OnPakFileMounted2Time == 0.000028
[2023.08.09-10.31.04:987][  0]LogPakFile: PakFile PrimaryIndexSize=182
[2023.08.09-10.31.04:987][  0]LogPakFile: PakFile PathHashIndexSize=101
[2023.08.09-10.31.04:987][  0]LogPakFile: PakFile FullDirectoryIndexSize=138
[2023.08.09-10.31.04:987][  0]LogShaderLibrary: Display: ShaderCodeLibraryPakFileMountedCallback: PakFile 'D:/Unreal Engine/UE_4.27/FeaturePacks/TP_Puzzle.upack' (chunk index -1, root 'root:/') mounted
[2023.08.09-10.31.04:987][  0]LogShaderLibrary: Display: ShaderCodeLibraryPakFileMountedCallback: pending pak file info (ChunkID:-1 Root:root:/ File:D:/Unreal Engine/UE_4.27/FeaturePacks/TP_Puzzle.upack)
[2023.08.09-10.31.04:987][  0]LogPakFile: OnPakFileMounted2Time == 0.000032
[2023.08.09-10.31.04:988][  0]LogPakFile: PakFile PrimaryIndexSize=184
[2023.08.09-10.31.04:988][  0]LogPakFile: PakFile PathHashIndexSize=101
[2023.08.09-10.31.04:988][  0]LogPakFile: PakFile FullDirectoryIndexSize=142
[2023.08.09-10.31.04:988][  0]LogShaderLibrary: Display: ShaderCodeLibraryPakFileMountedCallback: PakFile 'D:/Unreal Engine/UE_4.27/FeaturePacks/TP_PuzzleBP.upack' (chunk index -1, root 'root:/') mounted
[2023.08.09-10.31.04:988][  0]LogShaderLibrary: Display: ShaderCodeLibraryPakFileMountedCallback: pending pak file info (ChunkID:-1 Root:root:/ File:D:/Unreal Engine/UE_4.27/FeaturePacks/TP_PuzzleBP.upack)
[2023.08.09-10.31.04:988][  0]LogPakFile: OnPakFileMounted2Time == 0.000027
[2023.08.09-10.31.04:988][  0]LogPakFile: PakFile PrimaryIndexSize=183
[2023.08.09-10.31.04:988][  0]LogPakFile: PakFile PathHashIndexSize=101
[2023.08.09-10.31.04:988][  0]LogPakFile: PakFile FullDirectoryIndexSize=140
[2023.08.09-10.31.04:988][  0]LogShaderLibrary: Display: ShaderCodeLibraryPakFileMountedCallback: PakFile 'D:/Unreal Engine/UE_4.27/FeaturePacks/TP_Rolling.upack' (chunk index -1, root 'root:/') mounted
[2023.08.09-10.31.04:988][  0]LogShaderLibrary: Display: ShaderCodeLibraryPakFileMountedCallback: pending pak file info (ChunkID:-1 Root:root:/ File:D:/Unreal Engine/UE_4.27/FeaturePacks/TP_Rolling.upack)
[2023.08.09-10.31.04:988][  0]LogPakFile: OnPakFileMounted2Time == 0.000026
[2023.08.09-10.31.04:989][  0]LogPakFile: PakFile PrimaryIndexSize=185
[2023.08.09-10.31.04:989][  0]LogPakFile: PakFile PathHashIndexSize=101
[2023.08.09-10.31.04:989][  0]LogPakFile: PakFile FullDirectoryIndexSize=144
[2023.08.09-10.31.04:989][  0]LogShaderLibrary: Display: ShaderCodeLibraryPakFileMountedCallback: PakFile 'D:/Unreal Engine/UE_4.27/FeaturePacks/TP_RollingBP.upack' (chunk index -1, root 'root:/') mounted
[2023.08.09-10.31.04:989][  0]LogShaderLibrary: Display: ShaderCodeLibraryPakFileMountedCallback: pending pak file info (ChunkID:-1 Root:root:/ File:D:/Unreal Engine/UE_4.27/FeaturePacks/TP_RollingBP.upack)
[2023.08.09-10.31.04:989][  0]LogPakFile: OnPakFileMounted2Time == 0.000027
[2023.08.09-10.31.04:989][  0]LogPakFile: PakFile PrimaryIndexSize=188
[2023.08.09-10.31.04:989][  0]LogPakFile: PakFile PathHashIndexSize=101
[2023.08.09-10.31.04:989][  0]LogPakFile: PakFile FullDirectoryIndexSize=150
[2023.08.09-10.31.04:990][  0]LogShaderLibrary: Display: ShaderCodeLibraryPakFileMountedCallback: PakFile 'D:/Unreal Engine/UE_4.27/FeaturePacks/TP_SideScroller.upack' (chunk index -1, root 'root:/') mounted
[2023.08.09-10.31.04:990][  0]LogShaderLibrary: Display: ShaderCodeLibraryPakFileMountedCallback: pending pak file info (ChunkID:-1 Root:root:/ File:D:/Unreal Engine/UE_4.27/FeaturePacks/TP_SideScroller.upack)
[2023.08.09-10.31.04:990][  0]LogPakFile: OnPakFileMounted2Time == 0.000030
[2023.08.09-10.31.04:990][  0]LogPakFile: PakFile PrimaryIndexSize=190
[2023.08.09-10.31.04:990][  0]LogPakFile: PakFile PathHashIndexSize=101
[2023.08.09-10.31.04:990][  0]LogPakFile: PakFile FullDirectoryIndexSize=154
[2023.08.09-10.31.04:990][  0]LogShaderLibrary: Display: ShaderCodeLibraryPakFileMountedCallback: PakFile 'D:/Unreal Engine/UE_4.27/FeaturePacks/TP_SideScrollerBP.upack' (chunk index -1, root 'root:/') mounted
[2023.08.09-10.31.04:990][  0]LogShaderLibrary: Display: ShaderCodeLibraryPakFileMountedCallback: pending pak file info (ChunkID:-1 Root:root:/ File:D:/Unreal Engine/UE_4.27/FeaturePacks/TP_SideScrollerBP.upack)
[2023.08.09-10.31.04:990][  0]LogPakFile: OnPakFileMounted2Time == 0.000027
[2023.08.09-10.31.04:991][  0]LogPakFile: PakFile PrimaryIndexSize=187
[2023.08.09-10.31.04:991][  0]LogPakFile: PakFile PathHashIndexSize=101
[2023.08.09-10.31.04:991][  0]LogPakFile: PakFile FullDirectoryIndexSize=148
[2023.08.09-10.31.04:991][  0]LogShaderLibrary: Display: ShaderCodeLibraryPakFileMountedCallback: PakFile 'D:/Unreal Engine/UE_4.27/FeaturePacks/TP_ThirdPerson.upack' (chunk index -1, root 'root:/') mounted
[2023.08.09-10.31.04:991][  0]LogShaderLibrary: Display: ShaderCodeLibraryPakFileMountedCallback: pending pak file info (ChunkID:-1 Root:root:/ File:D:/Unreal Engine/UE_4.27/FeaturePacks/TP_ThirdPerson.upack)
[2023.08.09-10.31.04:991][  0]LogPakFile: OnPakFileMounted2Time == 0.000027
[2023.08.09-10.31.04:991][  0]LogPakFile: PakFile PrimaryIndexSize=189
[2023.08.09-10.31.04:991][  0]LogPakFile: PakFile PathHashIndexSize=101
[2023.08.09-10.31.04:991][  0]LogPakFile: PakFile FullDirectoryIndexSize=152
[2023.08.09-10.31.04:991][  0]LogShaderLibrary: Display: ShaderCodeLibraryPakFileMountedCallback: PakFile 'D:/Unreal Engine/UE_4.27/FeaturePacks/TP_ThirdPersonBP.upack' (chunk index -1, root 'root:/') mounted
[2023.08.09-10.31.04:991][  0]LogShaderLibrary: Display: ShaderCodeLibraryPakFileMountedCallback: pending pak file info (ChunkID:-1 Root:root:/ File:D:/Unreal Engine/UE_4.27/FeaturePacks/TP_ThirdPersonBP.upack)
[2023.08.09-10.31.04:991][  0]LogPakFile: OnPakFileMounted2Time == 0.000028
[2023.08.09-10.31.04:992][  0]LogPakFile: PakFile PrimaryIndexSize=183
[2023.08.09-10.31.04:992][  0]LogPakFile: PakFile PathHashIndexSize=101
[2023.08.09-10.31.04:992][  0]LogPakFile: PakFile FullDirectoryIndexSize=140
[2023.08.09-10.31.04:992][  0]LogShaderLibrary: Display: ShaderCodeLibraryPakFileMountedCallback: PakFile 'D:/Unreal Engine/UE_4.27/FeaturePacks/TP_TopDown.upack' (chunk index -1, root 'root:/') mounted
[2023.08.09-10.31.04:992][  0]LogShaderLibrary: Display: ShaderCodeLibraryPakFileMountedCallback: pending pak file info (ChunkID:-1 Root:root:/ File:D:/Unreal Engine/UE_4.27/FeaturePacks/TP_TopDown.upack)
[2023.08.09-10.31.04:992][  0]LogPakFile: OnPakFileMounted2Time == 0.000035
[2023.08.09-10.31.04:993][  0]LogPakFile: PakFile PrimaryIndexSize=185
[2023.08.09-10.31.04:993][  0]LogPakFile: PakFile PathHashIndexSize=101
[2023.08.09-10.31.04:993][  0]LogPakFile: PakFile FullDirectoryIndexSize=144
[2023.08.09-10.31.04:993][  0]LogShaderLibrary: Display: ShaderCodeLibraryPakFileMountedCallback: PakFile 'D:/Unreal Engine/UE_4.27/FeaturePacks/TP_TopDownBP.upack' (chunk index -1, root 'root:/') mounted
[2023.08.09-10.31.04:993][  0]LogShaderLibrary: Display: ShaderCodeLibraryPakFileMountedCallback: pending pak file info (ChunkID:-1 Root:root:/ File:D:/Unreal Engine/UE_4.27/FeaturePacks/TP_TopDownBP.upack)
[2023.08.09-10.31.04:993][  0]LogPakFile: OnPakFileMounted2Time == 0.000029
[2023.08.09-10.31.04:993][  0]LogPakFile: PakFile PrimaryIndexSize=185
[2023.08.09-10.31.04:993][  0]LogPakFile: PakFile PathHashIndexSize=101
[2023.08.09-10.31.04:993][  0]LogPakFile: PakFile FullDirectoryIndexSize=144
[2023.08.09-10.31.04:993][  0]LogShaderLibrary: Display: ShaderCodeLibraryPakFileMountedCallback: PakFile 'D:/Unreal Engine/UE_4.27/FeaturePacks/TP_TwinStick.upack' (chunk index -1, root 'root:/') mounted
[2023.08.09-10.31.04:993][  0]LogShaderLibrary: Display: ShaderCodeLibraryPakFileMountedCallback: pending pak file info (ChunkID:-1 Root:root:/ File:D:/Unreal Engine/UE_4.27/FeaturePacks/TP_TwinStick.upack)
[2023.08.09-10.31.04:993][  0]LogPakFile: OnPakFileMounted2Time == 0.000028
[2023.08.09-10.31.04:994][  0]LogPakFile: PakFile PrimaryIndexSize=187
[2023.08.09-10.31.04:994][  0]LogPakFile: PakFile PathHashIndexSize=101
[2023.08.09-10.31.04:994][  0]LogPakFile: PakFile FullDirectoryIndexSize=148
[2023.08.09-10.31.04:994][  0]LogShaderLibrary: Display: ShaderCodeLibraryPakFileMountedCallback: PakFile 'D:/Unreal Engine/UE_4.27/FeaturePacks/TP_TwinStickBP.upack' (chunk index -1, root 'root:/') mounted
[2023.08.09-10.31.04:994][  0]LogShaderLibrary: Display: ShaderCodeLibraryPakFileMountedCallback: pending pak file info (ChunkID:-1 Root:root:/ File:D:/Unreal Engine/UE_4.27/FeaturePacks/TP_TwinStickBP.upack)
[2023.08.09-10.31.04:994][  0]LogPakFile: OnPakFileMounted2Time == 0.000030
[2023.08.09-10.31.04:994][  0]LogPakFile: PakFile PrimaryIndexSize=183
[2023.08.09-10.31.04:994][  0]LogPakFile: PakFile PathHashIndexSize=101
[2023.08.09-10.31.04:994][  0]LogPakFile: PakFile FullDirectoryIndexSize=140
[2023.08.09-10.31.04:995][  0]LogShaderLibrary: Display: ShaderCodeLibraryPakFileMountedCallback: PakFile 'D:/Unreal Engine/UE_4.27/FeaturePacks/TP_Vehicle.upack' (chunk index -1, root 'root:/') mounted
[2023.08.09-10.31.04:995][  0]LogShaderLibrary: Display: ShaderCodeLibraryPakFileMountedCallback: pending pak file info (ChunkID:-1 Root:root:/ File:D:/Unreal Engine/UE_4.27/FeaturePacks/TP_Vehicle.upack)
[2023.08.09-10.31.04:995][  0]LogPakFile: OnPakFileMounted2Time == 0.000027
[2023.08.09-10.31.04:995][  0]LogPakFile: PakFile PrimaryIndexSize=186
[2023.08.09-10.31.04:995][  0]LogPakFile: PakFile PathHashIndexSize=101
[2023.08.09-10.31.04:995][  0]LogPakFile: PakFile FullDirectoryIndexSize=146
[2023.08.09-10.31.04:995][  0]LogShaderLibrary: Display: ShaderCodeLibraryPakFileMountedCallback: PakFile 'D:/Unreal Engine/UE_4.27/FeaturePacks/TP_VehicleAdv.upack' (chunk index -1, root 'root:/') mounted
[2023.08.09-10.31.04:995][  0]LogShaderLibrary: Display: ShaderCodeLibraryPakFileMountedCallback: pending pak file info (ChunkID:-1 Root:root:/ File:D:/Unreal Engine/UE_4.27/FeaturePacks/TP_VehicleAdv.upack)
[2023.08.09-10.31.04:995][  0]LogPakFile: OnPakFileMounted2Time == 0.000028
[2023.08.09-10.31.04:996][  0]LogPakFile: PakFile PrimaryIndexSize=188
[2023.08.09-10.31.04:996][  0]LogPakFile: PakFile PathHashIndexSize=101
[2023.08.09-10.31.04:996][  0]LogPakFile: PakFile FullDirectoryIndexSize=150
[2023.08.09-10.31.04:996][  0]LogShaderLibrary: Display: ShaderCodeLibraryPakFileMountedCallback: PakFile 'D:/Unreal Engine/UE_4.27/FeaturePacks/TP_VehicleAdvBP.upack' (chunk index -1, root 'root:/') mounted
[2023.08.09-10.31.04:996][  0]LogShaderLibrary: Display: ShaderCodeLibraryPakFileMountedCallback: pending pak file info (ChunkID:-1 Root:root:/ File:D:/Unreal Engine/UE_4.27/FeaturePacks/TP_VehicleAdvBP.upack)
[2023.08.09-10.31.04:996][  0]LogPakFile: OnPakFileMounted2Time == 0.000029
[2023.08.09-10.31.04:996][  0]LogPakFile: PakFile PrimaryIndexSize=185
[2023.08.09-10.31.04:996][  0]LogPakFile: PakFile PathHashIndexSize=101
[2023.08.09-10.31.04:996][  0]LogPakFile: PakFile FullDirectoryIndexSize=144
[2023.08.09-10.31.04:996][  0]LogShaderLibrary: Display: ShaderCodeLibraryPakFileMountedCallback: PakFile 'D:/Unreal Engine/UE_4.27/FeaturePacks/TP_VehicleBP.upack' (chunk index -1, root 'root:/') mounted
[2023.08.09-10.31.04:996][  0]LogShaderLibrary: Display: ShaderCodeLibraryPakFileMountedCallback: pending pak file info (ChunkID:-1 Root:root:/ File:D:/Unreal Engine/UE_4.27/FeaturePacks/TP_VehicleBP.upack)
[2023.08.09-10.31.04:996][  0]LogPakFile: OnPakFileMounted2Time == 0.000027
[2023.08.09-10.31.04:997][  0]LogPakFile: PakFile PrimaryIndexSize=192
[2023.08.09-10.31.04:997][  0]LogPakFile: PakFile PathHashIndexSize=101
[2023.08.09-10.31.04:997][  0]LogPakFile: PakFile FullDirectoryIndexSize=158
[2023.08.09-10.31.04:997][  0]LogShaderLibrary: Display: ShaderCodeLibraryPakFileMountedCallback: PakFile 'D:/Unreal Engine/UE_4.27/FeaturePacks/TP_VirtualRealityBP.upack' (chunk index -1, root 'root:/') mounted
[2023.08.09-10.31.04:997][  0]LogShaderLibrary: Display: ShaderCodeLibraryPakFileMountedCallback: pending pak file info (ChunkID:-1 Root:root:/ File:D:/Unreal Engine/UE_4.27/FeaturePacks/TP_VirtualRealityBP.upack)
[2023.08.09-10.31.04:997][  0]LogPakFile: OnPakFileMounted2Time == 0.000027
[2023.08.09-10.31.05:056][  0]LogNativeClassHierarchy: Verbose: Native class hierarchy updated for 'AddContentDialog' in 0.0003 seconds. Added 0 classes and 0 folders.
[2023.08.09-10.31.05:057][  0]LogNativeClassHierarchy: Verbose: Native class hierarchy updated for 'SceneOutliner' in 0.0003 seconds. Added 2 classes and 0 folders.
[2023.08.09-10.31.05:085][  0]LogSlate: Took 0.000242 seconds to synchronously load lazily loaded font '../../../Engine/Content/Slate/Fonts/Roboto-Regular.ttf' (155K)
[2023.08.09-10.31.05:085][  0]LogSlate: Took 0.000144 seconds to synchronously load lazily loaded font '../../../Engine/Content/Editor/Slate/Fonts/FontAwesome.ttf' (139K)
[2023.08.09-10.31.05:086][  0]LogSlate: Took 0.000160 seconds to synchronously load lazily loaded font '../../../Engine/Content/Slate/Fonts/Roboto-Bold.ttf' (160K)
[2023.08.09-10.31.05:159][  0]LogRenderer: Reallocating scene render targets to support 964x436 Format 10 NumSamples 1 (Frame:1).
[2023.08.09-10.31.05:338][  0]LogNativeClassHierarchy: Verbose: Native class hierarchy updated for 'HierarchicalLODOutliner' in 0.0003 seconds. Added 0 classes and 0 folders.
[2023.08.09-10.31.05:338][  0]LogLoad: (Engine Initialization) Total time: 7.97 seconds
[2023.08.09-10.31.05:338][  0]LogLoad: (Engine Initialization) Total Blueprint compile time: 0.00 seconds
[2023.08.09-10.31.05:387][  0]LogAssetRegistry: Asset discovery search completed in 4.9025 seconds
[2023.08.09-10.31.05:392][  0]LogCollectionManager: Fixed up redirectors for 0 collections in 0.000003 seconds (updated 0 objects)
[2023.08.09-10.31.05:393][  0]LogContentStreaming: Texture pool size now 1000 MB
[2023.08.09-10.31.06:029][  2]LogSlate: Took 0.000249 seconds to synchronously load lazily loaded font '../../../Engine/Content/Slate/Fonts/Roboto-Light.ttf' (167K)
